#
# There is insufficient memory for the Java Runtime Environment to continue.
# Native memory allocation (malloc) failed to allocate 1820560 bytes for Chunk::new
# Possible reasons:
#   The system is out of physical RAM or swap space
#   The process is running with CompressedOops enabled, and the Java Heap may be blocking the growth of the native heap
# Possible solutions:
#   Reduce memory load on the system
#   Increase physical memory or swap space
#   Check if swap backing store is full
#   Decrease Java heap size (-Xmx/-Xms)
#   Decrease number of Java threads
#   Decrease Java thread stack sizes (-Xss)
#   Set larger code cache with -XX:ReservedCodeCacheSize=
#   JVM is running with Unscaled Compressed Oops mode in which the Java heap is
#     placed in the first 4GB address space. The Java Heap base address is the
#     maximum limit for the native heap growth. Please use -XX:HeapBaseMinAddress
#     to set the Java Heap base and to place the Java Heap above 4GB virtual address.
# This output file may be truncated or incomplete.
#
#  Out of Memory Error (arena.cpp:191), pid=30568, tid=21556
#
# JRE version: OpenJDK Runtime Environment Temurin-17.0.10+7 (17.0.10+7) (build 17.0.10+7)
# Java VM: OpenJDK 64-Bit Server VM Temurin-17.0.10+7 (17.0.10+7, mixed mode, tiered, compressed oops, compressed class ptrs, parallel gc, windows-amd64)
# Core dump will be written. Default location: c:\Users\Administrator\Desktop\WCA4Z-Data\refactoredCOBOL\refactoredCOBOL\hs_err_pid30568.mdmp
#

---------------  S U M M A R Y ------------

Command Line: --add-modules=ALL-SYSTEM --add-opens=java.base/java.util=ALL-UNNAMED --add-opens=java.base/java.lang=ALL-UNNAMED --add-opens=java.base/sun.nio.fs=ALL-UNNAMED -Declipse.application=org.eclipse.jdt.ls.core.id1 -Dosgi.bundles.defaultStartLevel=4 -Declipse.product=org.eclipse.jdt.ls.core.product -Djava.import.generatesMetadataFilesAtProjectRoot=false -DDetectVMInstallationsJob.disabled=true -Dfile.encoding=utf8 -XX:+UseParallelGC -XX:GCTimeRatio=4 -XX:AdaptiveSizePolicyWeight=90 -Dsun.zip.disableMemoryMapping=true -Xmx1G -Xms100m -Xlog:disable -javaagent:c:\Users\Administrator\.vscode\extensions\redhat.java-1.28.1-win32-x64\lombok\lombok-1.18.31.jar c:\Users\Administrator\.vscode\extensions\redhat.java-1.28.1-win32-x64\server\plugins\org.eclipse.equinox.launcher_1.6.700.v20231214-2017.jar -configuration c:\Users\Administrator\AppData\Roaming\Code\User\globalStorage\redhat.java\1.28.1\config_ss_win -data c:\Users\Administrator\AppData\Roaming\Code\User\workspaceStorage\8fa3a211b202d741256f16397a8921df\redhat.java\ss_ws --stdio

Host: Intel Xeon Processor (Cascadelake), 2 cores, 7G,  Windows Server 2016 , 64 bit Build 14393 (10.0.14393.5786)
Time: Fri Feb 16 04:33:43 2024 Central Standard Time elapsed time: 106.080455 seconds (0d 0h 1m 46s)

---------------  T H R E A D  ---------------

Current thread (0x000002c9adf67930):  JavaThread "C2 CompilerThread0" daemon [_thread_in_native, id=21556, stack(0x000000d757600000,0x000000d757700000)]


Current CompileTask:
C2: 106080 6915   !   4       org.eclipse.jdt.internal.compiler.parser.Parser::parse (915 bytes)

Stack: [0x000000d757600000,0x000000d757700000]
Native frames: (J=compiled Java code, j=interpreted, Vv=VM code, C=native code)
V  [jvm.dll+0x67d2c9]
V  [jvm.dll+0x834afa]
V  [jvm.dll+0x8365be]
V  [jvm.dll+0x836c23]
V  [jvm.dll+0x2477ff]
V  [jvm.dll+0xac514]
V  [jvm.dll+0xacb5c]
V  [jvm.dll+0x3667d7]
V  [jvm.dll+0x1bcd86]
V  [jvm.dll+0x21a049]
V  [jvm.dll+0x219311]
V  [jvm.dll+0x1a502d]
V  [jvm.dll+0x2290de]
V  [jvm.dll+0x2272ac]
V  [jvm.dll+0x7e9bb7]
V  [jvm.dll+0x7e3fba]
V  [jvm.dll+0x67c1b5]
C  [ucrtbase.dll+0x1fb80]
C  [KERNEL32.DLL+0x84d4]
C  [ntdll.dll+0x51791]


---------------  P R O C E S S  ---------------

Threads class SMR info:
_java_thread_list=0x000002c9bee30280, length=23, elements={
0x000002c99a13a820, 0x000002c99a1f1830, 0x000002c99a1f34a0, 0x000002c9adf632b0,
0x000002c9adf63b80, 0x000002c9adf66460, 0x000002c9adf66d30, 0x000002c9adf67930,
0x000002c9adfc9870, 0x000002c9adfced70, 0x000002c9b2b7d7c0, 0x000002c9b2d50320,
0x000002c9b3121560, 0x000002c9b33f0660, 0x000002c9b3380c70, 0x000002c9b3666ae0,
0x000002c9b33f8630, 0x000002c9b33f7c10, 0x000002c9b33f5390, 0x000002c9b33f58a0,
0x000002c9b33f5db0, 0x000002c9b33f62c0, 0x000002c9b33f67d0
}

Java Threads: ( => current thread )
  0x000002c99a13a820 JavaThread "main" [_thread_blocked, id=20000, stack(0x000000d756c00000,0x000000d756d00000)]
  0x000002c99a1f1830 JavaThread "Reference Handler" daemon [_thread_blocked, id=20732, stack(0x000000d757000000,0x000000d757100000)]
  0x000002c99a1f34a0 JavaThread "Finalizer" daemon [_thread_blocked, id=16128, stack(0x000000d757100000,0x000000d757200000)]
  0x000002c9adf632b0 JavaThread "Signal Dispatcher" daemon [_thread_blocked, id=24948, stack(0x000000d757200000,0x000000d757300000)]
  0x000002c9adf63b80 JavaThread "Attach Listener" daemon [_thread_blocked, id=13972, stack(0x000000d757300000,0x000000d757400000)]
  0x000002c9adf66460 JavaThread "Service Thread" daemon [_thread_blocked, id=12712, stack(0x000000d757400000,0x000000d757500000)]
  0x000002c9adf66d30 JavaThread "Monitor Deflation Thread" daemon [_thread_blocked, id=28384, stack(0x000000d757500000,0x000000d757600000)]
=>0x000002c9adf67930 JavaThread "C2 CompilerThread0" daemon [_thread_in_native, id=21556, stack(0x000000d757600000,0x000000d757700000)]
  0x000002c9adfc9870 JavaThread "C1 CompilerThread0" daemon [_thread_blocked, id=18388, stack(0x000000d757700000,0x000000d757800000)]
  0x000002c9adfced70 JavaThread "Sweeper thread" daemon [_thread_blocked, id=21900, stack(0x000000d757800000,0x000000d757900000)]
  0x000002c9b2b7d7c0 JavaThread "Common-Cleaner" daemon [_thread_blocked, id=20444, stack(0x000000d757900000,0x000000d757a00000)]
  0x000002c9b2d50320 JavaThread "Notification Thread" daemon [_thread_blocked, id=19820, stack(0x000000d757a00000,0x000000d757b00000)]
  0x000002c9b3121560 JavaThread "Active Thread: Equinox Container: 0ecec8d6-941d-4933-9f15-1231618bae76" [_thread_blocked, id=19724, stack(0x000000d757d00000,0x000000d757e00000)]
  0x000002c9b33f0660 JavaThread "Framework Event Dispatcher: Equinox Container: 0ecec8d6-941d-4933-9f15-1231618bae76" daemon [_thread_blocked, id=15164, stack(0x000000d757e00000,0x000000d757f00000)]
  0x000002c9b3380c70 JavaThread "Start Level: Equinox Container: 0ecec8d6-941d-4933-9f15-1231618bae76" daemon [_thread_blocked, id=24692, stack(0x000000d757f00000,0x000000d758000000)]
  0x000002c9b3666ae0 JavaThread "SCR Component Actor" daemon [_thread_blocked, id=604, stack(0x000000d758000000,0x000000d758100000)]
  0x000002c9b33f8630 JavaThread "Worker-JM" [_thread_blocked, id=11656, stack(0x000000d758200000,0x000000d758300000)]
  0x000002c9b33f7c10 JavaThread "Worker-1" [_thread_blocked, id=21912, stack(0x000000d758400000,0x000000d758500000)]
  0x000002c9b33f5390 JavaThread "JNA Cleaner" daemon [_thread_blocked, id=28012, stack(0x000000d758600000,0x000000d758700000)]
  0x000002c9b33f58a0 JavaThread "pool-2-thread-1" [_thread_blocked, id=27788, stack(0x000000d758700000,0x000000d758800000)]
  0x000002c9b33f5db0 JavaThread "WorkspaceEventsHandler" [_thread_blocked, id=28252, stack(0x000000d758800000,0x000000d758900000)]
  0x000002c9b33f62c0 JavaThread "pool-1-thread-1" [_thread_in_native, id=13084, stack(0x000000d758900000,0x000000d758a00000)]
  0x000002c9b33f67d0 JavaThread "Worker-2" [_thread_blocked, id=17188, stack(0x000000d758a00000,0x000000d758b00000)]

Other Threads:
  0x000002c99a1feb80 VMThread "VM Thread" [stack: 0x000000d756f00000,0x000000d757000000] [id=8056]
  0x000002c9b2e2f7e0 WatcherThread [stack: 0x000000d757b00000,0x000000d757c00000] [id=8148]
  0x000002c99a14fe30 GCTaskThread "GC Thread#0" [stack: 0x000000d756e00000,0x000000d756f00000] [id=19944]
  0x000002c9b31ceff0 GCTaskThread "GC Thread#1" [stack: 0x000000d757c00000,0x000000d757d00000] [id=26496]

Threads with active compile tasks:
C2 CompilerThread0   106097 6915   !   4       org.eclipse.jdt.internal.compiler.parser.Parser::parse (915 bytes)

VM state: not at safepoint (normal execution)

VM Mutex/Monitor currently owned by a thread: None

Heap address: 0x00000000c0000000, size: 1024 MB, Compressed Oops mode: 32-bit

CDS archive(s) not mapped
Compressed class space mapped at: 0x0000000100000000-0x0000000140000000, reserved size: 1073741824
Narrow klass base: 0x0000000000000000, Narrow klass shift: 3, Narrow klass range: 0x140000000

GC Precious Log:
 CPUs: 2 total, 2 available
 Memory: 8191M
 Large Page Support: Disabled
 NUMA Support: Disabled
 Compressed Oops: Enabled (32-bit)
 Alignments: Space 512K, Generation 512K, Heap 2M
 Heap Min Capacity: 100M
 Heap Initial Capacity: 100M
 Heap Max Capacity: 1G
 Pre-touch: Disabled
 Parallel Workers: 2

Heap:
 PSYoungGen      total 30720K, used 23151K [0x00000000eab00000, 0x00000000ee100000, 0x0000000100000000)
  eden space 30208K, 75% used [0x00000000eab00000,0x00000000ec164db0,0x00000000ec880000)
  from space 512K, 42% used [0x00000000ee080000,0x00000000ee0b6eb0,0x00000000ee100000)
  to   space 512K, 0% used [0x00000000ee000000,0x00000000ee000000,0x00000000ee080000)
 ParOldGen       total 68608K, used 40966K [0x00000000c0000000, 0x00000000c4300000, 0x00000000eab00000)
  object space 68608K, 59% used [0x00000000c0000000,0x00000000c2801a80,0x00000000c4300000)
 Metaspace       used 51826K, committed 52544K, reserved 1114112K
  class space    used 5085K, committed 5440K, reserved 1048576K

Card table byte_map: [0x000002c999b10000,0x000002c999d20000] _byte_map_base: 0x000002c999510000

Marking Bits: (ParMarkBitMap*) 0x00007ffa3a27d7d0
 Begin Bits: [0x000002c9abde0000, 0x000002c9acde0000)
 End Bits:   [0x000002c9acde0000, 0x000002c9adde0000)

Polling page: 0x000002c999900000

Metaspace:

Usage:
  Non-class:     45.64 MB used.
      Class:      4.97 MB used.
       Both:     50.61 MB used.

Virtual space:
  Non-class space:       64.00 MB reserved,      46.00 MB ( 72%) committed,  1 nodes.
      Class space:        1.00 GB reserved,       5.31 MB ( <1%) committed,  1 nodes.
             Both:        1.06 GB reserved,      51.31 MB (  5%) committed. 

Chunk freelists:
   Non-Class:  1.13 MB
       Class:  10.60 MB
        Both:  11.73 MB

MaxMetaspaceSize: unlimited
CompressedClassSpaceSize: 1.00 GB
Initial GC threshold: 21.00 MB
Current GC threshold: 58.38 MB
CDS: off
MetaspaceReclaimPolicy: balanced
 - commit_granule_bytes: 65536.
 - commit_granule_words: 8192.
 - virtual_space_node_default_size: 8388608.
 - enlarge_chunks_in_place: 1.
 - new_chunks_are_fully_committed: 0.
 - uncommit_free_chunks: 1.
 - use_allocation_guard: 0.
 - handle_deallocations: 1.


Internal statistics:

num_allocs_failed_limit: 6.
num_arena_births: 456.
num_arena_deaths: 14.
num_vsnodes_births: 2.
num_vsnodes_deaths: 0.
num_space_committed: 821.
num_space_uncommitted: 0.
num_chunks_returned_to_freelist: 20.
num_chunks_taken_from_freelist: 2304.
num_chunk_merges: 8.
num_chunk_splits: 1482.
num_chunks_enlarged: 941.
num_inconsistent_stats: 0.

CodeHeap 'non-profiled nmethods': size=120064Kb used=2995Kb max_used=3774Kb free=117068Kb
 bounds [0x000002c9a48a0000, 0x000002c9a4c50000, 0x000002c9abde0000]
CodeHeap 'profiled nmethods': size=120000Kb used=12537Kb max_used=14298Kb free=107462Kb
 bounds [0x000002c99cde0000, 0x000002c99dbe0000, 0x000002c9a4310000]
CodeHeap 'non-nmethods': size=5696Kb used=1344Kb max_used=1399Kb free=4351Kb
 bounds [0x000002c9a4310000, 0x000002c9a4580000, 0x000002c9a48a0000]
 total_blobs=6432 nmethods=5759 adapters=584
 compilation: enabled
              stopped_count=0, restarted_count=0
 full_count=0

Compilation events (20 events):
Event: 106.050 Thread 0x000002c9adfc9870 6951       2       org.eclipse.jdt.core.dom.AnnotatableType::<init> (36 bytes)
Event: 106.050 Thread 0x000002c9adfc9870 nmethod 6951 0x000002c99d1a0a90 code [0x000002c99d1a0c40, 0x000002c99d1a0f88]
Event: 106.051 Thread 0x000002c9adfc9870 6952       2       org.eclipse.jdt.core.dom.Type::<init> (6 bytes)
Event: 106.051 Thread 0x000002c9adfc9870 nmethod 6952 0x000002c99d926d90 code [0x000002c99d926f20, 0x000002c99d927048]
Event: 106.051 Thread 0x000002c9adfc9870 6948       2       org.eclipse.jdt.internal.compiler.ast.ASTNode::copyRecordComponentAnnotations (199 bytes)
Event: 106.051 Thread 0x000002c9adfc9870 nmethod 6948 0x000002c99d7ea010 code [0x000002c99d7ea200, 0x000002c99d7ea6c8]
Event: 106.052 Thread 0x000002c9adfc9870 6954       2       org.eclipse.jdt.internal.compiler.util.Util::isClassFileName (73 bytes)
Event: 106.052 Thread 0x000002c9adfc9870 nmethod 6954 0x000002c99cdfd790 code [0x000002c99cdfd940, 0x000002c99cdfdb98]
Event: 106.052 Thread 0x000002c9adfc9870 6955       2       org.eclipse.jdt.core.dom.ASTNode$NodeList::add (127 bytes)
Event: 106.053 Thread 0x000002c9adfc9870 nmethod 6955 0x000002c99cdf1090 code [0x000002c99cdf12a0, 0x000002c99cdf16f8]
Event: 106.053 Thread 0x000002c9adfc9870 6953       1       org.eclipse.jdt.core.dom.MethodDeclaration::getNodeType0 (3 bytes)
Event: 106.055 Thread 0x000002c9adfc9870 nmethod 6953 0x000002c9a4b73990 code [0x000002c9a4b73b20, 0x000002c9a4b73bf8]
Event: 106.055 Thread 0x000002c9adfc9870 6958       2       org.eclipse.jdt.core.dom.ASTRecoveryPropagator::endVisitNode (382 bytes)
Event: 106.056 Thread 0x000002c9adfc9870 nmethod 6958 0x000002c99d46c990 code [0x000002c99d46cbc0, 0x000002c99d46d328]
Event: 106.056 Thread 0x000002c9adfc9870 6945       2       org.eclipse.jdt.internal.compiler.ast.MethodDeclaration::resolveStatements (974 bytes)
Event: 106.060 Thread 0x000002c9adfc9870 nmethod 6945 0x000002c99d145790 code [0x000002c99d145ae0, 0x000002c99d146c68]
Event: 106.060 Thread 0x000002c9adfc9870 6956       1       org.eclipse.jdt.core.dom.SingleVariableDeclaration::getNodeType0 (3 bytes)
Event: 106.060 Thread 0x000002c9adfc9870 nmethod 6956 0x000002c9a4a49690 code [0x000002c9a4a49820, 0x000002c9a4a498f8]
Event: 106.060 Thread 0x000002c9adfc9870 6957       1       org.eclipse.jdt.core.dom.QualifiedName::getNodeType0 (3 bytes)
Event: 106.060 Thread 0x000002c9adfc9870 nmethod 6957 0x000002c9a4a49310 code [0x000002c9a4a494a0, 0x000002c9a4a49578]

GC Heap History (20 events):
Event: 15.697 GC heap before
{Heap before GC invocations=21 (full 2):
 PSYoungGen      total 36352K, used 36095K [0x00000000eab00000, 0x00000000ee480000, 0x0000000100000000)
  eden space 35840K, 100% used [0x00000000eab00000,0x00000000ece00000,0x00000000ece00000)
  from space 512K, 49% used [0x00000000ee400000,0x00000000ee43fff8,0x00000000ee480000)
  to   space 2560K, 0% used [0x00000000edf80000,0x00000000edf80000,0x00000000ee200000)
 ParOldGen       total 68608K, used 29765K [0x00000000c0000000, 0x00000000c4300000, 0x00000000eab00000)
  object space 68608K, 43% used [0x00000000c0000000,0x00000000c1d11478,0x00000000c4300000)
 Metaspace       used 43864K, committed 44608K, reserved 1114112K
  class space    used 4441K, committed 4800K, reserved 1048576K
}
Event: 15.701 GC heap after
{Heap after GC invocations=21 (full 2):
 PSYoungGen      total 37376K, used 640K [0x00000000eab00000, 0x00000000ee480000, 0x0000000100000000)
  eden space 34816K, 0% used [0x00000000eab00000,0x00000000eab00000,0x00000000ecd00000)
  from space 2560K, 25% used [0x00000000edf80000,0x00000000ee020000,0x00000000ee200000)
  to   space 1024K, 0% used [0x00000000ee380000,0x00000000ee380000,0x00000000ee480000)
 ParOldGen       total 68608K, used 29989K [0x00000000c0000000, 0x00000000c4300000, 0x00000000eab00000)
  object space 68608K, 43% used [0x00000000c0000000,0x00000000c1d49470,0x00000000c4300000)
 Metaspace       used 43864K, committed 44608K, reserved 1114112K
  class space    used 4441K, committed 4800K, reserved 1048576K
}
Event: 17.860 GC heap before
{Heap before GC invocations=22 (full 2):
 PSYoungGen      total 37376K, used 35456K [0x00000000eab00000, 0x00000000ee480000, 0x0000000100000000)
  eden space 34816K, 100% used [0x00000000eab00000,0x00000000ecd00000,0x00000000ecd00000)
  from space 2560K, 25% used [0x00000000edf80000,0x00000000ee020000,0x00000000ee200000)
  to   space 1024K, 0% used [0x00000000ee380000,0x00000000ee380000,0x00000000ee480000)
 ParOldGen       total 68608K, used 29989K [0x00000000c0000000, 0x00000000c4300000, 0x00000000eab00000)
  object space 68608K, 43% used [0x00000000c0000000,0x00000000c1d49470,0x00000000c4300000)
 Metaspace       used 47611K, committed 48320K, reserved 1114112K
  class space    used 4805K, committed 5120K, reserved 1048576K
}
Event: 17.874 GC heap after
{Heap after GC invocations=22 (full 2):
 PSYoungGen      total 35328K, used 997K [0x00000000eab00000, 0x00000000ee480000, 0x0000000100000000)
  eden space 34304K, 0% used [0x00000000eab00000,0x00000000eab00000,0x00000000ecc80000)
  from space 1024K, 97% used [0x00000000ee380000,0x00000000ee479658,0x00000000ee480000)
  to   space 4608K, 0% used [0x00000000edb80000,0x00000000edb80000,0x00000000ee000000)
 ParOldGen       total 68608K, used 32728K [0x00000000c0000000, 0x00000000c4300000, 0x00000000eab00000)
  object space 68608K, 47% used [0x00000000c0000000,0x00000000c1ff60d0,0x00000000c4300000)
 Metaspace       used 47611K, committed 48320K, reserved 1114112K
  class space    used 4805K, committed 5120K, reserved 1048576K
}
Event: 43.078 GC heap before
{Heap before GC invocations=23 (full 2):
 PSYoungGen      total 35328K, used 35301K [0x00000000eab00000, 0x00000000ee480000, 0x0000000100000000)
  eden space 34304K, 100% used [0x00000000eab00000,0x00000000ecc80000,0x00000000ecc80000)
  from space 1024K, 97% used [0x00000000ee380000,0x00000000ee479658,0x00000000ee480000)
  to   space 4608K, 0% used [0x00000000edb80000,0x00000000edb80000,0x00000000ee000000)
 ParOldGen       total 68608K, used 32728K [0x00000000c0000000, 0x00000000c4300000, 0x00000000eab00000)
  object space 68608K, 47% used [0x00000000c0000000,0x00000000c1ff60d0,0x00000000c4300000)
 Metaspace       used 49496K, committed 50176K, reserved 1114112K
  class space    used 4915K, committed 5248K, reserved 1048576K
}
Event: 43.094 GC heap after
{Heap after GC invocations=23 (full 2):
 PSYoungGen      total 38400K, used 2615K [0x00000000eab00000, 0x00000000ee400000, 0x0000000100000000)
  eden space 33792K, 0% used [0x00000000eab00000,0x00000000eab00000,0x00000000ecc00000)
  from space 4608K, 56% used [0x00000000edb80000,0x00000000ede0dcf8,0x00000000ee000000)
  to   space 3072K, 0% used [0x00000000ee100000,0x00000000ee100000,0x00000000ee400000)
 ParOldGen       total 68608K, used 33671K [0x00000000c0000000, 0x00000000c4300000, 0x00000000eab00000)
  object space 68608K, 49% used [0x00000000c0000000,0x00000000c20e1eb0,0x00000000c4300000)
 Metaspace       used 49496K, committed 50176K, reserved 1114112K
  class space    used 4915K, committed 5248K, reserved 1048576K
}
Event: 88.039 GC heap before
{Heap before GC invocations=24 (full 2):
 PSYoungGen      total 38400K, used 34362K [0x00000000eab00000, 0x00000000ee400000, 0x0000000100000000)
  eden space 33792K, 93% used [0x00000000eab00000,0x00000000eca00c80,0x00000000ecc00000)
  from space 4608K, 56% used [0x00000000edb80000,0x00000000ede0dcf8,0x00000000ee000000)
  to   space 3072K, 0% used [0x00000000ee100000,0x00000000ee100000,0x00000000ee400000)
 ParOldGen       total 68608K, used 33671K [0x00000000c0000000, 0x00000000c4300000, 0x00000000eab00000)
  object space 68608K, 49% used [0x00000000c0000000,0x00000000c20e1eb0,0x00000000c4300000)
 Metaspace       used 50526K, committed 51264K, reserved 1114112K
  class space    used 4952K, committed 5312K, reserved 1048576K
}
Event: 88.049 GC heap after
{Heap after GC invocations=24 (full 2):
 PSYoungGen      total 33792K, used 414K [0x00000000eab00000, 0x00000000ee180000, 0x0000000100000000)
  eden space 33280K, 0% used [0x00000000eab00000,0x00000000eab00000,0x00000000ecb80000)
  from space 512K, 80% used [0x00000000ee100000,0x00000000ee167870,0x00000000ee180000)
  to   space 1536K, 0% used [0x00000000ede80000,0x00000000ede80000,0x00000000ee000000)
 ParOldGen       total 68608K, used 36182K [0x00000000c0000000, 0x00000000c4300000, 0x00000000eab00000)
  object space 68608K, 52% used [0x00000000c0000000,0x00000000c2355bd0,0x00000000c4300000)
 Metaspace       used 50526K, committed 51264K, reserved 1114112K
  class space    used 4952K, committed 5312K, reserved 1048576K
}
Event: 88.144 GC heap before
{Heap before GC invocations=25 (full 2):
 PSYoungGen      total 33792K, used 33694K [0x00000000eab00000, 0x00000000ee180000, 0x0000000100000000)
  eden space 33280K, 100% used [0x00000000eab00000,0x00000000ecb80000,0x00000000ecb80000)
  from space 512K, 80% used [0x00000000ee100000,0x00000000ee167870,0x00000000ee180000)
  to   space 1536K, 0% used [0x00000000ede80000,0x00000000ede80000,0x00000000ee000000)
 ParOldGen       total 68608K, used 36182K [0x00000000c0000000, 0x00000000c4300000, 0x00000000eab00000)
  object space 68608K, 52% used [0x00000000c0000000,0x00000000c2355bd0,0x00000000c4300000)
 Metaspace       used 50550K, committed 51328K, reserved 1114112K
  class space    used 4952K, committed 5312K, reserved 1048576K
}
Event: 88.155 GC heap after
{Heap after GC invocations=25 (full 2):
 PSYoungGen      total 34304K, used 96K [0x00000000eab00000, 0x00000000ee180000, 0x0000000100000000)
  eden space 32768K, 0% used [0x00000000eab00000,0x00000000eab00000,0x00000000ecb00000)
  from space 1536K, 6% used [0x00000000ede80000,0x00000000ede98000,0x00000000ee000000)
  to   space 512K, 0% used [0x00000000ee100000,0x00000000ee100000,0x00000000ee180000)
 ParOldGen       total 68608K, used 39223K [0x00000000c0000000, 0x00000000c4300000, 0x00000000eab00000)
  object space 68608K, 57% used [0x00000000c0000000,0x00000000c264dff8,0x00000000c4300000)
 Metaspace       used 50550K, committed 51328K, reserved 1114112K
  class space    used 4952K, committed 5312K, reserved 1048576K
}
Event: 88.422 GC heap before
{Heap before GC invocations=26 (full 2):
 PSYoungGen      total 34304K, used 30579K [0x00000000eab00000, 0x00000000ee180000, 0x0000000100000000)
  eden space 32768K, 93% used [0x00000000eab00000,0x00000000ec8c4f10,0x00000000ecb00000)
  from space 1536K, 6% used [0x00000000ede80000,0x00000000ede98000,0x00000000ee000000)
  to   space 512K, 0% used [0x00000000ee100000,0x00000000ee100000,0x00000000ee180000)
 ParOldGen       total 68608K, used 39223K [0x00000000c0000000, 0x00000000c4300000, 0x00000000eab00000)
  object space 68608K, 57% used [0x00000000c0000000,0x00000000c264dff8,0x00000000c4300000)
 Metaspace       used 50580K, committed 51328K, reserved 1114112K
  class space    used 4956K, committed 5312K, reserved 1048576K
}
Event: 88.427 GC heap after
{Heap after GC invocations=26 (full 2):
 PSYoungGen      total 32768K, used 484K [0x00000000eab00000, 0x00000000ee180000, 0x0000000100000000)
  eden space 32256K, 0% used [0x00000000eab00000,0x00000000eab00000,0x00000000eca80000)
  from space 512K, 94% used [0x00000000ee100000,0x00000000ee179110,0x00000000ee180000)
  to   space 1024K, 0% used [0x00000000edf80000,0x00000000edf80000,0x00000000ee080000)
 ParOldGen       total 68608K, used 39575K [0x00000000c0000000, 0x00000000c4300000, 0x00000000eab00000)
  object space 68608K, 57% used [0x00000000c0000000,0x00000000c26a5d30,0x00000000c4300000)
 Metaspace       used 50580K, committed 51328K, reserved 1114112K
  class space    used 4956K, committed 5312K, reserved 1048576K
}
Event: 88.542 GC heap before
{Heap before GC invocations=27 (full 2):
 PSYoungGen      total 32768K, used 30797K [0x00000000eab00000, 0x00000000ee180000, 0x0000000100000000)
  eden space 32256K, 93% used [0x00000000eab00000,0x00000000ec89a3a8,0x00000000eca80000)
  from space 512K, 94% used [0x00000000ee100000,0x00000000ee179110,0x00000000ee180000)
  to   space 1024K, 0% used [0x00000000edf80000,0x00000000edf80000,0x00000000ee080000)
 ParOldGen       total 68608K, used 39575K [0x00000000c0000000, 0x00000000c4300000, 0x00000000eab00000)
  object space 68608K, 57% used [0x00000000c0000000,0x00000000c26a5d30,0x00000000c4300000)
 Metaspace       used 50624K, committed 51392K, reserved 1114112K
  class space    used 4956K, committed 5312K, reserved 1048576K
}
Event: 88.549 GC heap after
{Heap after GC invocations=27 (full 2):
 PSYoungGen      total 32768K, used 512K [0x00000000eab00000, 0x00000000ee180000, 0x0000000100000000)
  eden space 31744K, 0% used [0x00000000eab00000,0x00000000eab00000,0x00000000eca00000)
  from space 1024K, 50% used [0x00000000edf80000,0x00000000ee000000,0x00000000ee080000)
  to   space 1024K, 0% used [0x00000000ee080000,0x00000000ee080000,0x00000000ee180000)
 ParOldGen       total 68608K, used 40076K [0x00000000c0000000, 0x00000000c4300000, 0x00000000eab00000)
  object space 68608K, 58% used [0x00000000c0000000,0x00000000c27230a8,0x00000000c4300000)
 Metaspace       used 50624K, committed 51392K, reserved 1114112K
  class space    used 4956K, committed 5312K, reserved 1048576K
}
Event: 88.660 GC heap before
{Heap before GC invocations=28 (full 2):
 PSYoungGen      total 32768K, used 31921K [0x00000000eab00000, 0x00000000ee180000, 0x0000000100000000)
  eden space 31744K, 98% used [0x00000000eab00000,0x00000000ec9ac648,0x00000000eca00000)
  from space 1024K, 50% used [0x00000000edf80000,0x00000000ee000000,0x00000000ee080000)
  to   space 1024K, 0% used [0x00000000ee080000,0x00000000ee080000,0x00000000ee180000)
 ParOldGen       total 68608K, used 40076K [0x00000000c0000000, 0x00000000c4300000, 0x00000000eab00000)
  object space 68608K, 58% used [0x00000000c0000000,0x00000000c27230a8,0x00000000c4300000)
 Metaspace       used 50681K, committed 51392K, reserved 1114112K
  class space    used 4959K, committed 5312K, reserved 1048576K
}
Event: 88.665 GC heap after
{Heap after GC invocations=28 (full 2):
 PSYoungGen      total 32256K, used 614K [0x00000000eab00000, 0x00000000ee180000, 0x0000000100000000)
  eden space 31232K, 0% used [0x00000000eab00000,0x00000000eab00000,0x00000000ec980000)
  from space 1024K, 60% used [0x00000000ee080000,0x00000000ee119b10,0x00000000ee180000)
  to   space 1024K, 0% used [0x00000000edf80000,0x00000000edf80000,0x00000000ee080000)
 ParOldGen       total 68608K, used 40449K [0x00000000c0000000, 0x00000000c4300000, 0x00000000eab00000)
  object space 68608K, 58% used [0x00000000c0000000,0x00000000c2780558,0x00000000c4300000)
 Metaspace       used 50681K, committed 51392K, reserved 1114112K
  class space    used 4959K, committed 5312K, reserved 1048576K
}
Event: 88.777 GC heap before
{Heap before GC invocations=29 (full 2):
 PSYoungGen      total 32256K, used 31099K [0x00000000eab00000, 0x00000000ee180000, 0x0000000100000000)
  eden space 31232K, 97% used [0x00000000eab00000,0x00000000ec8c5360,0x00000000ec980000)
  from space 1024K, 60% used [0x00000000ee080000,0x00000000ee119b10,0x00000000ee180000)
  to   space 1024K, 0% used [0x00000000edf80000,0x00000000edf80000,0x00000000ee080000)
 ParOldGen       total 68608K, used 40449K [0x00000000c0000000, 0x00000000c4300000, 0x00000000eab00000)
  object space 68608K, 58% used [0x00000000c0000000,0x00000000c2780558,0x00000000c4300000)
 Metaspace       used 50733K, committed 51456K, reserved 1114112K
  class space    used 4963K, committed 5312K, reserved 1048576K
}
Event: 88.781 GC heap after
{Heap after GC invocations=29 (full 2):
 PSYoungGen      total 31744K, used 177K [0x00000000eab00000, 0x00000000ee100000, 0x0000000100000000)
  eden space 30720K, 0% used [0x00000000eab00000,0x00000000eab00000,0x00000000ec900000)
  from space 1024K, 17% used [0x00000000edf80000,0x00000000edfac4d0,0x00000000ee080000)
  to   space 512K, 0% used [0x00000000ee080000,0x00000000ee080000,0x00000000ee100000)
 ParOldGen       total 68608K, used 40912K [0x00000000c0000000, 0x00000000c4300000, 0x00000000eab00000)
  object space 68608K, 59% used [0x00000000c0000000,0x00000000c27f4068,0x00000000c4300000)
 Metaspace       used 50733K, committed 51456K, reserved 1114112K
  class space    used 4963K, committed 5312K, reserved 1048576K
}
Event: 88.871 GC heap before
{Heap before GC invocations=30 (full 2):
 PSYoungGen      total 31744K, used 28941K [0x00000000eab00000, 0x00000000ee100000, 0x0000000100000000)
  eden space 30720K, 93% used [0x00000000eab00000,0x00000000ec717308,0x00000000ec900000)
  from space 1024K, 17% used [0x00000000edf80000,0x00000000edfac4d0,0x00000000ee080000)
  to   space 512K, 0% used [0x00000000ee080000,0x00000000ee080000,0x00000000ee100000)
 ParOldGen       total 68608K, used 40912K [0x00000000c0000000, 0x00000000c4300000, 0x00000000eab00000)
  object space 68608K, 59% used [0x00000000c0000000,0x00000000c27f4068,0x00000000c4300000)
 Metaspace       used 50758K, committed 51456K, reserved 1114112K
  class space    used 4963K, committed 5312K, reserved 1048576K
}
Event: 88.874 GC heap after
{Heap after GC invocations=30 (full 2):
 PSYoungGen      total 30720K, used 219K [0x00000000eab00000, 0x00000000ee100000, 0x0000000100000000)
  eden space 30208K, 0% used [0x00000000eab00000,0x00000000eab00000,0x00000000ec880000)
  from space 512K, 42% used [0x00000000ee080000,0x00000000ee0b6eb0,0x00000000ee100000)
  to   space 512K, 0% used [0x00000000ee000000,0x00000000ee000000,0x00000000ee080000)
 ParOldGen       total 68608K, used 40966K [0x00000000c0000000, 0x00000000c4300000, 0x00000000eab00000)
  object space 68608K, 59% used [0x00000000c0000000,0x00000000c2801a80,0x00000000c4300000)
 Metaspace       used 50758K, committed 51456K, reserved 1114112K
  class space    used 4963K, committed 5312K, reserved 1048576K
}

Dll operation events (10 events):
Event: 0.063 Loaded shared library c:\Users\Administrator\.vscode\extensions\redhat.java-1.28.1-win32-x64\jre\17.0.10-win32-x86_64\bin\java.dll
Event: 0.888 Loaded shared library c:\Users\Administrator\.vscode\extensions\redhat.java-1.28.1-win32-x64\jre\17.0.10-win32-x86_64\bin\zip.dll
Event: 0.906 Loaded shared library C:\Users\Administrator\.vscode\extensions\redhat.java-1.28.1-win32-x64\jre\17.0.10-win32-x86_64\bin\instrument.dll
Event: 0.934 Loaded shared library C:\Users\Administrator\.vscode\extensions\redhat.java-1.28.1-win32-x64\jre\17.0.10-win32-x86_64\bin\net.dll
Event: 0.937 Loaded shared library C:\Users\Administrator\.vscode\extensions\redhat.java-1.28.1-win32-x64\jre\17.0.10-win32-x86_64\bin\nio.dll
Event: 0.972 Loaded shared library C:\Users\Administrator\.vscode\extensions\redhat.java-1.28.1-win32-x64\jre\17.0.10-win32-x86_64\bin\zip.dll
Event: 1.031 Loaded shared library C:\Users\Administrator\.vscode\extensions\redhat.java-1.28.1-win32-x64\jre\17.0.10-win32-x86_64\bin\jimage.dll
Event: 1.172 Loaded shared library c:\Users\Administrator\.vscode\extensions\redhat.java-1.28.1-win32-x64\jre\17.0.10-win32-x86_64\bin\verify.dll
Event: 4.806 Loaded shared library C:\Users\Administrator\AppData\Roaming\Code\User\globalStorage\redhat.java\1.28.1\config_ss_win\org.eclipse.equinox.launcher\org.eclipse.equinox.launcher.win32.win32.x86_64_1.2.900.v20240129-1338\eclipse_11900.dll
Event: 9.876 Loaded shared library C:\Users\Administrator\AppData\Local\Temp\2\jna--1083394829\jna6979610417550616049.dll

Deoptimization events (20 events):
Event: 89.517 Thread 0x000002c9b33f6ce0 Uncommon trap: trap_request=0xffffff45 fr.pc=0x000002c9a48a93d4 relative=0x0000000000000154
Event: 89.517 Thread 0x000002c9b33f6ce0 Uncommon trap: reason=unstable_if action=reinterpret pc=0x000002c9a48a93d4 method=java.lang.String.isLatin1()Z @ 10 c2
Event: 89.517 Thread 0x000002c9b33f6ce0 DEOPT PACKING pc=0x000002c9a48a93d4 sp=0x000000d75acfd870
Event: 89.517 Thread 0x000002c9b33f6ce0 DEOPT UNPACKING pc=0x000002c9a4369ea3 sp=0x000000d75acfd7a0 mode 2
Event: 93.048 Thread 0x000002c9b33f6ce0 DEOPT PACKING pc=0x000002c99db5a92a sp=0x000000d75aefe040
Event: 93.048 Thread 0x000002c9b33f6ce0 DEOPT UNPACKING pc=0x000002c9a436a9e3 sp=0x000000d75aefd538 mode 0
Event: 93.059 Thread 0x000002c9b33f6ce0 DEOPT PACKING pc=0x000002c99db48c75 sp=0x000000d75aefe1c0
Event: 93.059 Thread 0x000002c9b33f6ce0 DEOPT UNPACKING pc=0x000002c9a436a9e3 sp=0x000000d75aefd6e8 mode 0
Event: 93.064 Thread 0x000002c9b33f6ce0 DEOPT PACKING pc=0x000002c99db11d51 sp=0x000000d75aefda90
Event: 93.064 Thread 0x000002c9b33f6ce0 DEOPT UNPACKING pc=0x000002c9a436a9e3 sp=0x000000d75aefcf88 mode 0
Event: 101.957 Thread 0x000002c9b33f6ce0 DEOPT PACKING pc=0x000002c99db60200 sp=0x000000d75b2fe7b0
Event: 101.957 Thread 0x000002c9b33f6ce0 DEOPT UNPACKING pc=0x000002c9a436a9e3 sp=0x000000d75b2fdc70 mode 0
Event: 102.071 Thread 0x000002c9b33f8120 DEOPT PACKING pc=0x000002c99db0d8e3 sp=0x000000d75b3fe6e0
Event: 102.071 Thread 0x000002c9b33f8120 DEOPT UNPACKING pc=0x000002c9a436a9e3 sp=0x000000d75b3fdc18 mode 0
Event: 105.400 Thread 0x000002c9b33f6ce0 DEOPT PACKING pc=0x000002c99db5a92a sp=0x000000d75b4fe640
Event: 105.400 Thread 0x000002c9b33f6ce0 DEOPT UNPACKING pc=0x000002c9a436a9e3 sp=0x000000d75b4fdb38 mode 0
Event: 105.648 Thread 0x000002c9b33f6ce0 DEOPT PACKING pc=0x000002c99db11d51 sp=0x000000d75b5fe5e0
Event: 105.649 Thread 0x000002c9b33f6ce0 DEOPT UNPACKING pc=0x000002c9a436a9e3 sp=0x000000d75b5fdad8 mode 0
Event: 105.925 Thread 0x000002c9b33f6ce0 DEOPT PACKING pc=0x000002c99d7d85ee sp=0x000000d75b5fe5a0
Event: 105.925 Thread 0x000002c9b33f6ce0 DEOPT UNPACKING pc=0x000002c9a436a9e3 sp=0x000000d75b5fdb00 mode 0

Classes unloaded (7 events):
Event: 7.262 Thread 0x000002c99a1feb80 Unloading class 0x000000010021e400 'java/lang/invoke/LambdaForm$MH+0x000000010021e400'
Event: 7.262 Thread 0x000002c99a1feb80 Unloading class 0x000000010021e000 'java/lang/invoke/LambdaForm$MH+0x000000010021e000'
Event: 7.262 Thread 0x000002c99a1feb80 Unloading class 0x000000010021dc00 'java/lang/invoke/LambdaForm$MH+0x000000010021dc00'
Event: 7.262 Thread 0x000002c99a1feb80 Unloading class 0x000000010021d800 'java/lang/invoke/LambdaForm$MH+0x000000010021d800'
Event: 7.262 Thread 0x000002c99a1feb80 Unloading class 0x000000010021d400 'java/lang/invoke/LambdaForm$BMH+0x000000010021d400'
Event: 7.262 Thread 0x000002c99a1feb80 Unloading class 0x000000010021d000 'java/lang/invoke/LambdaForm$DMH+0x000000010021d000'
Event: 7.262 Thread 0x000002c99a1feb80 Unloading class 0x0000000100218400 'java/lang/invoke/LambdaForm$DMH+0x0000000100218400'

Classes redefined (0 events):
No events

Internal exceptions (20 events):
Event: 17.105 Thread 0x000002c9b33f7700 Exception <a 'java/lang/NoSuchMethodError'{0x00000000ebf1d340}: 'int java.lang.invoke.DirectMethodHandle$Holder.invokeVirtual(java.lang.Object, java.lang.Object, java.lang.Object)'> (0x00000000ebf1d340) 
thrown [s\src\hotspot\share\interpreter\linkResolver.cpp, line 759]
Event: 17.112 Thread 0x000002c9b33f7700 Exception <a 'java/lang/NoSuchMethodError'{0x00000000ebf3d798}: 'int java.lang.invoke.DirectMethodHandle$Holder.invokeSpecialIFC(java.lang.Object, java.lang.Object, java.lang.Object)'> (0x00000000ebf3d798) 
thrown [s\src\hotspot\share\interpreter\linkResolver.cpp, line 759]
Event: 17.143 Thread 0x000002c9b33f7700 Implicit null exception at 0x000002c9a4aae970 to 0x000002c9a4aaf6d4
Event: 17.183 Thread 0x000002c9b33f7700 Implicit null exception at 0x000002c9a4ad4e9b to 0x000002c9a4ad510a
Event: 17.232 Thread 0x000002c9b33f7700 Exception <a 'java/io/FileNotFoundException'{0x00000000ec2e8820}> (0x00000000ec2e8820) 
thrown [s\src\hotspot\share\prims\jni.cpp, line 516]
Event: 17.232 Thread 0x000002c9b33f7700 Exception <a 'java/io/FileNotFoundException'{0x00000000ec2e9860}> (0x00000000ec2e9860) 
thrown [s\src\hotspot\share\prims\jni.cpp, line 516]
Event: 17.848 Thread 0x000002c9b33f7700 Exception <a 'java/io/FileNotFoundException'{0x00000000ecc99290}> (0x00000000ecc99290) 
thrown [s\src\hotspot\share\prims\jni.cpp, line 516]
Event: 17.849 Thread 0x000002c9b33f7700 Exception <a 'java/io/FileNotFoundException'{0x00000000ecc9a2d8}> (0x00000000ecc9a2d8) 
thrown [s\src\hotspot\share\prims\jni.cpp, line 516]
Event: 17.849 Thread 0x000002c9b33f7700 Exception <a 'java/io/FileNotFoundException'{0x00000000ecc9b090}> (0x00000000ecc9b090) 
thrown [s\src\hotspot\share\prims\jni.cpp, line 516]
Event: 18.399 Thread 0x000002c9bdc7b230 Exception <a 'java/lang/NoSuchMethodError'{0x00000000ead1df30}: 'java.lang.Object java.lang.invoke.DirectMethodHandle$Holder.invokeStatic(java.lang.Object, int, java.lang.Object)'> (0x00000000ead1df30) 
thrown [s\src\hotspot\share\interpreter\linkResolver.cpp, line 759]
Event: 87.598 Thread 0x000002c9b33f6ce0 Implicit null exception at 0x000002c9a4afcaab to 0x000002c9a4afd8c0
Event: 88.363 Thread 0x000002c9b33f6ce0 Implicit null exception at 0x000002c9a498d711 to 0x000002c9a498d77c
Event: 89.311 Thread 0x000002c9b33f6ce0 Exception <a 'java/lang/ClassNotFoundException'{0x00000000eb9cd8b0}: sun/net/www/protocol/jdt/Handler> (0x00000000eb9cd8b0) 
thrown [s\src\hotspot\share\classfile\systemDictionary.cpp, line 256]
Event: 89.312 Thread 0x000002c9b33f6ce0 Exception <a 'java/lang/ClassNotFoundException'{0x00000000eb9d0108}: sun/net/www/protocol/jdt/Handler> (0x00000000eb9d0108) 
thrown [s\src\hotspot\share\classfile\systemDictionary.cpp, line 256]
Event: 89.313 Thread 0x000002c9b33f6ce0 Exception <a 'java/lang/ClassNotFoundException'{0x00000000eb9d3d70}: sun/net/www/protocol/jdt/Handler> (0x00000000eb9d3d70) 
thrown [s\src\hotspot\share\classfile\systemDictionary.cpp, line 256]
Event: 89.314 Thread 0x000002c9b33f6ce0 Exception <a 'java/lang/ClassNotFoundException'{0x00000000eb9d6520}: sun/net/www/protocol/jdt/Handler> (0x00000000eb9d6520) 
thrown [s\src\hotspot\share\classfile\systemDictionary.cpp, line 256]
Event: 89.315 Thread 0x000002c9b33f6ce0 Exception <a 'java/lang/ClassNotFoundException'{0x00000000eb9d9488}: sun/net/www/protocol/jdt/Handler> (0x00000000eb9d9488) 
thrown [s\src\hotspot\share\classfile\systemDictionary.cpp, line 256]
Event: 89.321 Thread 0x000002c9b33f6ce0 Exception <a 'java/lang/ClassNotFoundException'{0x00000000eb9dc158}: sun/net/www/protocol/jdt/Handler> (0x00000000eb9dc158) 
thrown [s\src\hotspot\share\classfile\systemDictionary.cpp, line 256]
Event: 89.322 Thread 0x000002c9b33f6ce0 Exception <a 'java/lang/ClassNotFoundException'{0x00000000eb9de560}: sun/net/www/protocol/jdt/Handler> (0x00000000eb9de560) 
thrown [s\src\hotspot\share\classfile\systemDictionary.cpp, line 256]
Event: 89.322 Thread 0x000002c9b33f6ce0 Exception <a 'java/lang/ClassNotFoundException'{0x00000000eb9e0968}: sun/net/www/protocol/jdt/Handler> (0x00000000eb9e0968) 
thrown [s\src\hotspot\share\classfile\systemDictionary.cpp, line 256]

VM Operations (20 events):
Event: 89.119 Executing VM operation: HandshakeAllThreads
Event: 89.120 Executing VM operation: HandshakeAllThreads done
Event: 89.148 Executing VM operation: HandshakeAllThreads
Event: 89.148 Executing VM operation: HandshakeAllThreads done
Event: 89.275 Executing VM operation: HandshakeAllThreads
Event: 89.275 Executing VM operation: HandshakeAllThreads done
Event: 89.275 Executing VM operation: HandshakeAllThreads
Event: 89.275 Executing VM operation: HandshakeAllThreads done
Event: 89.312 Executing VM operation: HandshakeAllThreads
Event: 89.313 Executing VM operation: HandshakeAllThreads done
Event: 89.523 Executing VM operation: HandshakeAllThreads
Event: 89.525 Executing VM operation: HandshakeAllThreads done
Event: 90.526 Executing VM operation: Cleanup
Event: 90.526 Executing VM operation: Cleanup done
Event: 93.529 Executing VM operation: Cleanup
Event: 93.529 Executing VM operation: Cleanup done
Event: 102.535 Executing VM operation: Cleanup
Event: 102.535 Executing VM operation: Cleanup done
Event: 105.537 Executing VM operation: Cleanup
Event: 105.538 Executing VM operation: Cleanup done

Events (20 events):
Event: 89.561 Thread 0x000002c9adfced70 flushing nmethod 0x000002c99db1ce90
Event: 89.561 Thread 0x000002c9adfced70 flushing nmethod 0x000002c99db21810
Event: 89.561 Thread 0x000002c9adfced70 flushing nmethod 0x000002c99db26510
Event: 89.561 Thread 0x000002c9adfced70 flushing nmethod 0x000002c99db36410
Event: 89.562 Thread 0x000002c9adfced70 flushing nmethod 0x000002c99db90090
Event: 89.562 Thread 0x000002c9adfced70 flushing nmethod 0x000002c99dbc5910
Event: 89.572 Thread 0x000002c9b33f6ce0 Thread exited: 0x000002c9b33f6ce0
Event: 93.043 Thread 0x000002c9b33f6ce0 Thread added: 0x000002c9b33f6ce0
Event: 93.073 Thread 0x000002c9b33f6ce0 Thread exited: 0x000002c9b33f6ce0
Event: 101.891 Thread 0x000002c9b33f8120 Thread added: 0x000002c9b33f8120
Event: 101.906 Thread 0x000002c9b33f6ce0 Thread added: 0x000002c9b33f6ce0
Event: 101.967 Thread 0x000002c9b33f8120 Thread exited: 0x000002c9b33f8120
Event: 102.068 Thread 0x000002c9b33f8120 Thread added: 0x000002c9b33f8120
Event: 102.094 Thread 0x000002c9b33f8120 Thread exited: 0x000002c9b33f8120
Event: 102.102 Thread 0x000002c9b33f6ce0 Thread exited: 0x000002c9b33f6ce0
Event: 104.099 Thread 0x000002c9b33f7700 Thread exited: 0x000002c9b33f7700
Event: 105.365 Thread 0x000002c9b33f6ce0 Thread added: 0x000002c9b33f6ce0
Event: 105.403 Thread 0x000002c9b33f6ce0 Thread exited: 0x000002c9b33f6ce0
Event: 105.570 Thread 0x000002c9b33f6ce0 Thread added: 0x000002c9b33f6ce0
Event: 106.058 Thread 0x000002c9b33f6ce0 Thread exited: 0x000002c9b33f6ce0


Dynamic libraries:
0x00007ff602110000 - 0x00007ff60211e000 	c:\Users\Administrator\.vscode\extensions\redhat.java-1.28.1-win32-x64\jre\17.0.10-win32-x86_64\bin\java.exe
0x00007ffa67c00000 - 0x00007ffa67dcf000 	C:\Windows\SYSTEM32\ntdll.dll
0x00007ffa66c30000 - 0x00007ffa66cdd000 	C:\Windows\System32\KERNEL32.DLL
0x00007ffa64550000 - 0x00007ffa6476e000 	C:\Windows\System32\KERNELBASE.dll
0x00007ffa64770000 - 0x00007ffa64864000 	C:\Windows\System32\ucrtbase.dll
0x00007ffa5e790000 - 0x00007ffa5e7a7000 	c:\Users\Administrator\.vscode\extensions\redhat.java-1.28.1-win32-x64\jre\17.0.10-win32-x86_64\bin\jli.dll
0x00007ffa679e0000 - 0x00007ffa67b46000 	C:\Windows\System32\USER32.dll
0x00007ffa64330000 - 0x00007ffa6434e000 	C:\Windows\System32\win32u.dll
0x00007ffa66b10000 - 0x00007ffa66b44000 	C:\Windows\System32\GDI32.dll
0x00007ffa643c0000 - 0x00007ffa64544000 	C:\Windows\System32\gdi32full.dll
0x00007ffa5e490000 - 0x00007ffa5e4ab000 	c:\Users\Administrator\.vscode\extensions\redhat.java-1.28.1-win32-x64\jre\17.0.10-win32-x86_64\bin\VCRUNTIME140.dll
0x00007ffa5c920000 - 0x00007ffa5cb9a000 	C:\Windows\WinSxS\amd64_microsoft.windows.common-controls_6595b64144ccf1df_6.0.14393.4169_none_7de0bbf28341b1f2\COMCTL32.dll
0x00007ffa65260000 - 0x00007ffa652fe000 	C:\Windows\System32\msvcrt.dll
0x00007ffa674a0000 - 0x00007ffa67766000 	C:\Windows\System32\combase.dll
0x00007ffa67380000 - 0x00007ffa6749e000 	C:\Windows\System32\RPCRT4.dll
0x00007ffa64350000 - 0x00007ffa643bc000 	C:\Windows\System32\bcryptPrimitives.dll
0x00007ffa67bd0000 - 0x00007ffa67bfe000 	C:\Windows\System32\IMM32.DLL
0x00007ffa5ea40000 - 0x00007ffa5ea4c000 	c:\Users\Administrator\.vscode\extensions\redhat.java-1.28.1-win32-x64\jre\17.0.10-win32-x86_64\bin\vcruntime140_1.dll
0x00007ffa3e440000 - 0x00007ffa3e4cd000 	c:\Users\Administrator\.vscode\extensions\redhat.java-1.28.1-win32-x64\jre\17.0.10-win32-x86_64\bin\msvcp140.dll
0x00007ffa396e0000 - 0x00007ffa3a342000 	c:\Users\Administrator\.vscode\extensions\redhat.java-1.28.1-win32-x64\jre\17.0.10-win32-x86_64\bin\server\jvm.dll
0x00007ffa651a0000 - 0x00007ffa65246000 	C:\Windows\System32\ADVAPI32.dll
0x00007ffa65440000 - 0x00007ffa6549b000 	C:\Windows\System32\sechost.dll
0x00007ffa64060000 - 0x00007ffa640ac000 	C:\Windows\System32\POWRPROF.dll
0x00007ffa58860000 - 0x00007ffa58869000 	C:\Windows\SYSTEM32\WSOCK32.dll
0x00007ffa672b0000 - 0x00007ffa6731a000 	C:\Windows\System32\WS2_32.dll
0x00007ffa5c160000 - 0x00007ffa5c183000 	C:\Windows\SYSTEM32\WINMM.dll
0x00007ffa5cf50000 - 0x00007ffa5cf5a000 	C:\Windows\SYSTEM32\VERSION.dll
0x00007ffa5c130000 - 0x00007ffa5c15b000 	C:\Windows\SYSTEM32\WINMMBASE.dll
0x00007ffa64870000 - 0x00007ffa648b2000 	C:\Windows\System32\cfgmgr32.dll
0x00007ffa64040000 - 0x00007ffa6404f000 	C:\Windows\System32\kernel.appcore.dll
0x00007ffa5e930000 - 0x00007ffa5e93a000 	c:\Users\Administrator\.vscode\extensions\redhat.java-1.28.1-win32-x64\jre\17.0.10-win32-x86_64\bin\jimage.dll
0x00007ffa5c760000 - 0x00007ffa5c8f2000 	C:\Windows\SYSTEM32\DBGHELP.DLL
0x00007ffa5c730000 - 0x00007ffa5c759000 	C:\Windows\SYSTEM32\dbgcore.DLL
0x00007ffa5e880000 - 0x00007ffa5e88e000 	c:\Users\Administrator\.vscode\extensions\redhat.java-1.28.1-win32-x64\jre\17.0.10-win32-x86_64\bin\instrument.dll
0x00007ffa3e410000 - 0x00007ffa3e435000 	c:\Users\Administrator\.vscode\extensions\redhat.java-1.28.1-win32-x64\jre\17.0.10-win32-x86_64\bin\java.dll
0x00007ffa40dc0000 - 0x00007ffa40dd8000 	c:\Users\Administrator\.vscode\extensions\redhat.java-1.28.1-win32-x64\jre\17.0.10-win32-x86_64\bin\zip.dll
0x00007ffa654a0000 - 0x00007ffa669a6000 	C:\Windows\System32\SHELL32.dll
0x00007ffa648c0000 - 0x00007ffa64f95000 	C:\Windows\System32\windows.storage.dll
0x00007ffa67320000 - 0x00007ffa67372000 	C:\Windows\System32\shlwapi.dll
0x00007ffa650f0000 - 0x00007ffa65198000 	C:\Windows\System32\shcore.dll
0x00007ffa640b0000 - 0x00007ffa640c4000 	C:\Windows\System32\profapi.dll
0x00007ffa3fbf0000 - 0x00007ffa3fc09000 	C:\Users\Administrator\.vscode\extensions\redhat.java-1.28.1-win32-x64\jre\17.0.10-win32-x86_64\bin\net.dll
0x00007ffa60140000 - 0x00007ffa6020d000 	C:\Windows\SYSTEM32\WINHTTP.dll
0x00007ffa63900000 - 0x00007ffa6395d000 	C:\Windows\system32\mswsock.dll
0x00007ffa3e950000 - 0x00007ffa3e966000 	C:\Users\Administrator\.vscode\extensions\redhat.java-1.28.1-win32-x64\jre\17.0.10-win32-x86_64\bin\nio.dll
0x00007ffa5e780000 - 0x00007ffa5e790000 	c:\Users\Administrator\.vscode\extensions\redhat.java-1.28.1-win32-x64\jre\17.0.10-win32-x86_64\bin\verify.dll
0x00007ffa3e370000 - 0x00007ffa3e3ae000 	C:\Users\Administrator\AppData\Roaming\Code\User\globalStorage\redhat.java\1.28.1\config_ss_win\org.eclipse.equinox.launcher\org.eclipse.equinox.launcher.win32.win32.x86_64_1.2.900.v20240129-1338\eclipse_11900.dll
0x00007ffa65300000 - 0x00007ffa65439000 	C:\Windows\System32\ole32.dll
0x00007ffa63ab0000 - 0x00007ffa63ac7000 	C:\Windows\SYSTEM32\CRYPTSP.dll
0x00007ffa634b0000 - 0x00007ffa634e3000 	C:\Windows\system32\rsaenh.dll
0x00007ffa63f80000 - 0x00007ffa63fab000 	C:\Windows\SYSTEM32\bcrypt.dll
0x00007ffa63770000 - 0x00007ffa63790000 	C:\Windows\SYSTEM32\USERENV.dll
0x00007ffa63ad0000 - 0x00007ffa63adb000 	C:\Windows\SYSTEM32\CRYPTBASE.dll
0x00007ffa63630000 - 0x00007ffa63668000 	C:\Windows\SYSTEM32\IPHLPAPI.DLL
0x00007ffa67b50000 - 0x00007ffa67b58000 	C:\Windows\System32\NSI.dll
0x00007ffa5fd20000 - 0x00007ffa5fd36000 	C:\Windows\SYSTEM32\dhcpcsvc6.DLL
0x00007ffa5fd00000 - 0x00007ffa5fd1a000 	C:\Windows\SYSTEM32\dhcpcsvc.DLL
0x00007ffa3e320000 - 0x00007ffa3e365000 	C:\Users\Administrator\AppData\Local\Temp\2\jna--1083394829\jna6979610417550616049.dll
0x00007ffa65250000 - 0x00007ffa65258000 	C:\Windows\System32\PSAPI.DLL
0x00007ffa5d840000 - 0x00007ffa5d855000 	C:\Windows\SYSTEM32\ondemandconnroutehelper.dll

dbghelp: loaded successfully - version: 4.0.5 - missing functions: none
symbol engine: initialized successfully - sym options: 0x614 - pdb path: .;c:\Users\Administrator\.vscode\extensions\redhat.java-1.28.1-win32-x64\jre\17.0.10-win32-x86_64\bin;C:\Windows\SYSTEM32;C:\Windows\WinSxS\amd64_microsoft.windows.common-controls_6595b64144ccf1df_6.0.14393.4169_none_7de0bbf28341b1f2;c:\Users\Administrator\.vscode\extensions\redhat.java-1.28.1-win32-x64\jre\17.0.10-win32-x86_64\bin\server;C:\Users\Administrator\AppData\Roaming\Code\User\globalStorage\redhat.java\1.28.1\config_ss_win\org.eclipse.equinox.launcher\org.eclipse.equinox.launcher.win32.win32.x86_64_1.2.900.v20240129-1338;C:\Users\Administrator\AppData\Local\Temp\2\jna--1083394829

VM Arguments:
jvm_args: --add-modules=ALL-SYSTEM --add-opens=java.base/java.util=ALL-UNNAMED --add-opens=java.base/java.lang=ALL-UNNAMED --add-opens=java.base/sun.nio.fs=ALL-UNNAMED -Declipse.application=org.eclipse.jdt.ls.core.id1 -Dosgi.bundles.defaultStartLevel=4 -Declipse.product=org.eclipse.jdt.ls.core.product -Djava.import.generatesMetadataFilesAtProjectRoot=false -DDetectVMInstallationsJob.disabled=true -Dfile.encoding=utf8 -XX:+UseParallelGC -XX:GCTimeRatio=4 -XX:AdaptiveSizePolicyWeight=90 -Dsun.zip.disableMemoryMapping=true -Xmx1G -Xms100m -Xlog:disable -javaagent:c:\Users\Administrator\.vscode\extensions\redhat.java-1.28.1-win32-x64\lombok\lombok-1.18.31.jar 
java_command: c:\Users\Administrator\.vscode\extensions\redhat.java-1.28.1-win32-x64\server\plugins\org.eclipse.equinox.launcher_1.6.700.v20231214-2017.jar -configuration c:\Users\Administrator\AppData\Roaming\Code\User\globalStorage\redhat.java\1.28.1\config_ss_win -data c:\Users\Administrator\AppData\Roaming\Code\User\workspaceStorage\8fa3a211b202d741256f16397a8921df\redhat.java\ss_ws --stdio
java_class_path (initial): c:\Users\Administrator\.vscode\extensions\redhat.java-1.28.1-win32-x64\server\plugins\org.eclipse.equinox.launcher_1.6.700.v20231214-2017.jar
Launcher Type: SUN_STANDARD

[Global flags]
    uintx AdaptiveSizePolicyWeight                 = 90                                        {product} {command line}
     intx CICompilerCount                          = 2                                         {product} {ergonomic}
    uintx GCTimeRatio                              = 4                                         {product} {command line}
   size_t InitialHeapSize                          = 104857600                                 {product} {command line}
   size_t MaxHeapSize                              = 1073741824                                {product} {command line}
   size_t MaxNewSize                               = 357564416                                 {product} {ergonomic}
   size_t MinHeapDeltaBytes                        = 524288                                    {product} {ergonomic}
   size_t MinHeapSize                              = 104857600                                 {product} {command line}
   size_t NewSize                                  = 34603008                                  {product} {ergonomic}
    uintx NonNMethodCodeHeapSize                   = 5826188                                {pd product} {ergonomic}
    uintx NonProfiledCodeHeapSize                  = 122916026                              {pd product} {ergonomic}
   size_t OldSize                                  = 70254592                                  {product} {ergonomic}
    uintx ProfiledCodeHeapSize                     = 122916026                              {pd product} {ergonomic}
    uintx ReservedCodeCacheSize                    = 251658240                              {pd product} {ergonomic}
     bool SegmentedCodeCache                       = true                                      {product} {ergonomic}
   size_t SoftMaxHeapSize                          = 1073741824                             {manageable} {ergonomic}
     bool UseCompressedClassPointers               = true                           {product lp64_product} {ergonomic}
     bool UseCompressedOops                        = true                           {product lp64_product} {ergonomic}
     bool UseLargePagesIndividualAllocation        = false                                  {pd product} {ergonomic}
     bool UseParallelGC                            = true                                      {product} {command line}

Logging:
Log output configuration:
 #0: stdout all=off uptime,level,tags
 #1: stderr all=off uptime,level,tags

Environment Variables:
JAVA_HOME=C:\Program Files\Semeru\jdk-11.0.20.101-openj9\
CLASSPATH=.;C:\Program Files\IBM\IBMDAT~1\java\db2jcc4.jar;C:\Program Files\IBM\IBMDAT~1\java\sqlj4.zip;C:\Program Files\IBM\IBMDAT~1\bin
PATH=C:\Program Files\Semeru\jdk-11.0.20.101-openj9\bin;C:\Program Files\Semeru\jdk-8.0.372.7-openj9\bin;C:\Program Files (x86)\IBM\Trace Facility\;C:\Program Files (x86)\IBM\Personal Communications\;C:\Windows\system32;C:\Windows;C:\Windows\System32\Wbem;C:\Windows\System32\WindowsPowerShell\v1.0\;C:\Program Files\Microsoft SQL Server\Client SDK\ODBC\170\Tools\Binn\;C:\Program Files (x86)\Microsoft SQL Server\150\Tools\Binn\;C:\Program Files\Microsoft SQL Server\150\Tools\Binn\;C:\Program Files\Microsoft SQL Server\150\DTS\Binn\;C:\Program Files (x86)\Microsoft SQL Server\160\DTS\Binn\;C:\Program Files\Azure Data Studio\bin;C:\Program Files\PuTTY\;C:\Program Files\Microsoft VS Code\bin;C:\Program Files\Git\cmd;C:\Program Files\IBM\IBMDAT~1\BIN;C:\Users\Administrator\AppData\Local\Microsoft\WindowsApps;
USERNAME=WinAdmin
OS=Windows_NT
PROCESSOR_IDENTIFIER=Intel64 Family 6 Model 85 Stepping 6, GenuineIntel
TMP=C:\Users\ADMINI~1\AppData\Local\Temp\2
TEMP=C:\Users\ADMINI~1\AppData\Local\Temp\2



Periodic native trim disabled


---------------  S Y S T E M  ---------------

OS:
 Windows Server 2016 , 64 bit Build 14393 (10.0.14393.5786)
OS uptime: 65 days 18:03 hours
KVM virtualization detected

CPU: total 2 (initial active 2) (1 cores per cpu, 2 threads per core) family 6 model 85 stepping 6 microcode 0x1, cx8, cmov, fxsr, ht, mmx, 3dnowpref, sse, sse2, sse3, ssse3, sse4.1, sse4.2, popcnt, lzcnt, tsc, avx, avx2, aes, erms, clmul, bmi1, bmi2, adx, avx512f, avx512dq, avx512cd, avx512bw, avx512vl, fma, vzeroupper, avx512_vnni, clflush, clflushopt, clwb, hv
Processor Information for all 2 processors :
  Max Mhz: 2394, Current Mhz: 2394, Mhz Limit: 2394

Memory: 4k page, system-wide physical 8191M (1094M free)
TotalPageFile size 20991M (AvailPageFile size 2M)
current process WorkingSet (physical memory assigned to process): 234M, peak: 239M
current process commit charge ("private bytes"): 294M, peak: 298M

vm_info: OpenJDK 64-Bit Server VM (17.0.10+7) for windows-amd64 JRE (17.0.10+7), built on Jan 16 2024 23:25:11 by "admin" with MS VC++ 16.10 / 16.11 (VS2019)

END.
