#
# There is insufficient memory for the Java Runtime Environment to continue.
# Native memory allocation (malloc) failed to allocate 131088 bytes for Chunk::new
# Possible reasons:
#   The system is out of physical RAM or swap space
#   The process is running with CompressedOops enabled, and the Java Heap may be blocking the growth of the native heap
# Possible solutions:
#   Reduce memory load on the system
#   Increase physical memory or swap space
#   Check if swap backing store is full
#   Decrease Java heap size (-Xmx/-Xms)
#   Decrease number of Java threads
#   Decrease Java thread stack sizes (-Xss)
#   Set larger code cache with -XX:ReservedCodeCacheSize=
#   JVM is running with Unscaled Compressed Oops mode in which the Java heap is
#     placed in the first 4GB address space. The Java Heap base address is the
#     maximum limit for the native heap growth. Please use -XX:HeapBaseMinAddress
#     to set the Java Heap base and to place the Java Heap above 4GB virtual address.
# This output file may be truncated or incomplete.
#
#  Out of Memory Error (arena.cpp:191), pid=15480, tid=2836
#
# JRE version: OpenJDK Runtime Environment Temurin-17.0.10+7 (17.0.10+7) (build 17.0.10+7)
# Java VM: OpenJDK 64-Bit Server VM Temurin-17.0.10+7 (17.0.10+7, mixed mode, tiered, compressed oops, compressed class ptrs, parallel gc, windows-amd64)
# Core dump will be written. Default location: c:\Users\Administrator\Desktop\WCA4Z-Data\refactoredCOBOL\refactoredCOBOL\hs_err_pid15480.mdmp
#

---------------  S U M M A R Y ------------

Command Line: --add-modules=ALL-SYSTEM --add-opens=java.base/java.util=ALL-UNNAMED --add-opens=java.base/java.lang=ALL-UNNAMED --add-opens=java.base/sun.nio.fs=ALL-UNNAMED -Declipse.application=org.eclipse.jdt.ls.core.id1 -Dosgi.bundles.defaultStartLevel=4 -Declipse.product=org.eclipse.jdt.ls.core.product -Djava.import.generatesMetadataFilesAtProjectRoot=false -DDetectVMInstallationsJob.disabled=true -Dfile.encoding=utf8 -XX:+UseParallelGC -XX:GCTimeRatio=4 -XX:AdaptiveSizePolicyWeight=90 -Dsun.zip.disableMemoryMapping=true -Xmx1G -Xms100m -Xlog:disable -javaagent:c:\Users\Administrator\.vscode\extensions\redhat.java-1.27.0-win32-x64\lombok\lombok-1.18.31.jar -XX:+HeapDumpOnOutOfMemoryError -XX:HeapDumpPath=c:\Users\Administrator\AppData\Roaming\Code\User\workspaceStorage\8fa3a211b202d741256f16397a8921df\redhat.java -Daether.dependencyCollector.impl=bf c:\Users\Administrator\.vscode\extensions\redhat.java-1.27.0-win32-x64\server\plugins\org.eclipse.equinox.launcher_1.6.700.v20231214-2017.jar -configuration c:\Users\Administrator\AppData\Roaming\Code\User\globalStorage\redhat.java\1.27.0\config_win -data c:\Users\Administrator\AppData\Roaming\Code\User\workspaceStorage\8fa3a211b202d741256f16397a8921df\redhat.java\jdt_ws --stdio

Host: Intel Xeon Processor (Cascadelake), 2 cores, 7G,  Windows Server 2016 , 64 bit Build 14393 (10.0.14393.5786)
Time: Thu Feb  8 03:18:33 2024 Central Standard Time elapsed time: 54.092777 seconds (0d 0h 0m 54s)

---------------  T H R E A D  ---------------

Current thread (0x0000021e4c67e9d0):  JavaThread "C2 CompilerThread0" daemon [_thread_in_native, id=2836, stack(0x000000975da00000,0x000000975db00000)]


Current CompileTask:
C2:  54092 7308   !   4       java.nio.file.FileTreeWalker::next (144 bytes)

Stack: [0x000000975da00000,0x000000975db00000]
Native frames: (J=compiled Java code, j=interpreted, Vv=VM code, C=native code)
V  [jvm.dll+0x67d2c9]
V  [jvm.dll+0x834afa]
V  [jvm.dll+0x8365be]
V  [jvm.dll+0x836c23]
V  [jvm.dll+0x2477ff]
V  [jvm.dll+0xac514]
V  [jvm.dll+0xacb5c]
V  [jvm.dll+0xac61b]
V  [jvm.dll+0x6d3ecc]
V  [jvm.dll+0x58e787]
V  [jvm.dll+0x753d22]
V  [jvm.dll+0x752da7]
V  [jvm.dll+0x598c3b]
V  [jvm.dll+0x58537a]
V  [jvm.dll+0x2228a2]
V  [jvm.dll+0x21b942]
V  [jvm.dll+0x219201]
V  [jvm.dll+0x1a502d]
V  [jvm.dll+0x2290de]
V  [jvm.dll+0x2272ac]
V  [jvm.dll+0x7e9bb7]
V  [jvm.dll+0x7e3fba]
V  [jvm.dll+0x67c1b5]
C  [ucrtbase.dll+0x1fb80]
C  [KERNEL32.DLL+0x84d4]
C  [ntdll.dll+0x51791]


---------------  P R O C E S S  ---------------

Threads class SMR info:
_java_thread_list=0x0000021e52b29200, length=28, elements={
0x0000021e3884f2e0, 0x0000021e3890e730, 0x0000021e4c63bbd0, 0x0000021e4c675f30,
0x0000021e4c676800, 0x0000021e4c6794e0, 0x0000021e4c679db0, 0x0000021e4c67e9d0,
0x0000021e4c6c7640, 0x0000021e4c6da710, 0x0000021e512af390, 0x0000021e514ab0e0,
0x0000021e519b32a0, 0x0000021e4c6a2130, 0x0000021e521e07b0, 0x0000021e51d86910,
0x0000021e517f0bb0, 0x0000021e518a8830, 0x0000021e518a7e10, 0x0000021e518a9c70,
0x0000021e518aa180, 0x0000021e518a8320, 0x0000021e518a8d40, 0x0000021e518a6ee0,
0x0000021e518a9250, 0x0000021e5407e0b0, 0x0000021e5407e5c0, 0x0000021e540799d0
}

Java Threads: ( => current thread )
  0x0000021e3884f2e0 JavaThread "main" [_thread_blocked, id=27564, stack(0x000000975d100000,0x000000975d200000)]
  0x0000021e3890e730 JavaThread "Reference Handler" daemon [_thread_blocked, id=11720, stack(0x000000975d400000,0x000000975d500000)]
  0x0000021e4c63bbd0 JavaThread "Finalizer" daemon [_thread_blocked, id=18876, stack(0x000000975d500000,0x000000975d600000)]
  0x0000021e4c675f30 JavaThread "Signal Dispatcher" daemon [_thread_blocked, id=10824, stack(0x000000975d600000,0x000000975d700000)]
  0x0000021e4c676800 JavaThread "Attach Listener" daemon [_thread_blocked, id=13088, stack(0x000000975d700000,0x000000975d800000)]
  0x0000021e4c6794e0 JavaThread "Service Thread" daemon [_thread_blocked, id=22564, stack(0x000000975d800000,0x000000975d900000)]
  0x0000021e4c679db0 JavaThread "Monitor Deflation Thread" daemon [_thread_blocked, id=25308, stack(0x000000975d900000,0x000000975da00000)]
=>0x0000021e4c67e9d0 JavaThread "C2 CompilerThread0" daemon [_thread_in_native, id=2836, stack(0x000000975da00000,0x000000975db00000)]
  0x0000021e4c6c7640 JavaThread "C1 CompilerThread0" daemon [_thread_blocked, id=24256, stack(0x000000975db00000,0x000000975dc00000)]
  0x0000021e4c6da710 JavaThread "Sweeper thread" daemon [_thread_blocked, id=26896, stack(0x000000975dc00000,0x000000975dd00000)]
  0x0000021e512af390 JavaThread "Common-Cleaner" daemon [_thread_blocked, id=24728, stack(0x000000975dd00000,0x000000975de00000)]
  0x0000021e514ab0e0 JavaThread "Notification Thread" daemon [_thread_blocked, id=28824, stack(0x000000975de00000,0x000000975df00000)]
  0x0000021e519b32a0 JavaThread "Active Thread: Equinox Container: 5c5307ee-571b-481e-85e2-57922e8b2ad7" [_thread_blocked, id=23772, stack(0x000000975e100000,0x000000975e200000)]
  0x0000021e4c6a2130 JavaThread "Framework Event Dispatcher: Equinox Container: 5c5307ee-571b-481e-85e2-57922e8b2ad7" daemon [_thread_blocked, id=10200, stack(0x000000975e200000,0x000000975e300000)]
  0x0000021e521e07b0 JavaThread "Start Level: Equinox Container: 5c5307ee-571b-481e-85e2-57922e8b2ad7" daemon [_thread_blocked, id=18588, stack(0x000000975e300000,0x000000975e400000)]
  0x0000021e51d86910 JavaThread "Bundle File Closer" daemon [_thread_blocked, id=21572, stack(0x000000975e400000,0x000000975e500000)]
  0x0000021e517f0bb0 JavaThread "SCR Component Actor" daemon [_thread_blocked, id=13980, stack(0x000000975e500000,0x000000975e600000)]
  0x0000021e518a8830 JavaThread "Worker-JM" [_thread_blocked, id=10612, stack(0x000000975e700000,0x000000975e800000)]
  0x0000021e518a7e10 JavaThread "Worker-0: Initialize workspace" [_thread_blocked, id=9420, stack(0x000000975e800000,0x000000975e900000)]
  0x0000021e518a9c70 JavaThread "Worker-1" [_thread_blocked, id=28920, stack(0x000000975e900000,0x000000975ea00000)]
  0x0000021e518aa180 JavaThread "Worker-2" [_thread_blocked, id=7008, stack(0x000000975ea00000,0x000000975eb00000)]
  0x0000021e518a8320 JavaThread "Java indexing" daemon [_thread_blocked, id=6876, stack(0x000000975eb00000,0x000000975ec00000)]
  0x0000021e518a8d40 JavaThread "Worker-3" [_thread_blocked, id=30640, stack(0x000000975ec00000,0x000000975ed00000)]
  0x0000021e518a6ee0 JavaThread "JNA Cleaner" daemon [_thread_blocked, id=20844, stack(0x000000975ed00000,0x000000975ee00000)]
  0x0000021e518a9250 JavaThread "pool-2-thread-1" [_thread_blocked, id=24672, stack(0x000000975ee00000,0x000000975ef00000)]
  0x0000021e5407e0b0 JavaThread "WorkspaceEventsHandler" [_thread_blocked, id=23268, stack(0x000000975ef00000,0x000000975f000000)]
  0x0000021e5407e5c0 JavaThread "pool-1-thread-1" [_thread_blocked, id=30340, stack(0x000000975f000000,0x000000975f100000)]
  0x0000021e540799d0 JavaThread "Keep-Alive-Timer" daemon [_thread_blocked, id=28744, stack(0x000000975f300000,0x000000975f400000)]

Other Threads:
  0x0000021e38908780 VMThread "VM Thread" [stack: 0x000000975d300000,0x000000975d400000] [id=17744]
  0x0000021e514655f0 WatcherThread [stack: 0x000000975df00000,0x000000975e000000] [id=28348]
  0x0000021e38862770 GCTaskThread "GC Thread#0" [stack: 0x000000975d200000,0x000000975d300000] [id=20608]
  0x0000021e5196a620 GCTaskThread "GC Thread#1" [stack: 0x000000975e000000,0x000000975e100000] [id=18388]

Threads with active compile tasks:
C2 CompilerThread0    54134 7308   !   4       java.nio.file.FileTreeWalker::next (144 bytes)

VM state: at safepoint (normal execution)

VM Mutex/Monitor currently owned by a thread:  ([mutex/lock_event])
[0x0000021e3884ba30] Threads_lock - owner thread: 0x0000021e38908780
[0x0000021e3884c3c0] Heap_lock - owner thread: 0x0000021e5407e5c0

Heap address: 0x00000000c0000000, size: 1024 MB, Compressed Oops mode: 32-bit

CDS archive(s) not mapped
Compressed class space mapped at: 0x0000000100000000-0x0000000140000000, reserved size: 1073741824
Narrow klass base: 0x0000000000000000, Narrow klass shift: 3, Narrow klass range: 0x140000000

GC Precious Log:
 CPUs: 2 total, 2 available
 Memory: 8191M
 Large Page Support: Disabled
 NUMA Support: Disabled
 Compressed Oops: Enabled (32-bit)
 Alignments: Space 512K, Generation 512K, Heap 2M
 Heap Min Capacity: 100M
 Heap Initial Capacity: 100M
 Heap Max Capacity: 1G
 Pre-touch: Disabled
 Parallel Workers: 2

Heap:
 PSYoungGen      total 23552K, used 22592K [0x00000000eab00000, 0x00000000ec580000, 0x0000000100000000)
  eden space 22016K, 100% used [0x00000000eab00000,0x00000000ec080000,0x00000000ec080000)
  from space 1536K, 37% used [0x00000000ec280000,0x00000000ec310020,0x00000000ec400000)
  to   space 1024K, 0% used [0x00000000ec480000,0x00000000ec480000,0x00000000ec580000)
 ParOldGen       total 68608K, used 37880K [0x00000000c0000000, 0x00000000c4300000, 0x00000000eab00000)
  object space 68608K, 55% used [0x00000000c0000000,0x00000000c24fe0c0,0x00000000c4300000)
 Metaspace       used 65043K, committed 66112K, reserved 1114112K
  class space    used 7028K, committed 7488K, reserved 1048576K

Card table byte_map: [0x0000021e381f0000,0x0000021e38400000] _byte_map_base: 0x0000021e37bf0000

Marking Bits: (ParMarkBitMap*) 0x00007ffa309fd7d0
 Begin Bits: [0x0000021e4a4f0000, 0x0000021e4b4f0000)
 End Bits:   [0x0000021e4b4f0000, 0x0000021e4c4f0000)

Polling page: 0x0000021e36760000

Metaspace:

Usage:
  Non-class:     56.66 MB used.
      Class:      6.86 MB used.
       Both:     63.52 MB used.

Virtual space:
  Non-class space:       64.00 MB reserved,      57.25 MB ( 89%) committed,  1 nodes.
      Class space:        1.00 GB reserved,       7.31 MB ( <1%) committed,  1 nodes.
             Both:        1.06 GB reserved,      64.56 MB (  6%) committed. 

Chunk freelists:
   Non-Class:  5.11 MB
       Class:  8.69 MB
        Both:  13.80 MB

MaxMetaspaceSize: unlimited
CompressedClassSpaceSize: 1.00 GB
Initial GC threshold: 21.00 MB
Current GC threshold: 97.31 MB
CDS: off
MetaspaceReclaimPolicy: balanced
 - commit_granule_bytes: 65536.
 - commit_granule_words: 8192.
 - virtual_space_node_default_size: 8388608.
 - enlarge_chunks_in_place: 1.
 - new_chunks_are_fully_committed: 0.
 - uncommit_free_chunks: 1.
 - use_allocation_guard: 0.
 - handle_deallocations: 1.


Internal statistics:

num_allocs_failed_limit: 9.
num_arena_births: 522.
num_arena_deaths: 14.
num_vsnodes_births: 2.
num_vsnodes_deaths: 0.
num_space_committed: 1033.
num_space_uncommitted: 0.
num_chunks_returned_to_freelist: 23.
num_chunks_taken_from_freelist: 2870.
num_chunk_merges: 11.
num_chunk_splits: 1834.
num_chunks_enlarged: 1183.
num_inconsistent_stats: 0.

CodeHeap 'non-profiled nmethods': size=120064Kb used=3876Kb max_used=3876Kb free=116187Kb
 bounds [0x0000021e42fb0000, 0x0000021e43380000, 0x0000021e4a4f0000]
CodeHeap 'profiled nmethods': size=120000Kb used=14529Kb max_used=14529Kb free=105470Kb
 bounds [0x0000021e3b4f0000, 0x0000021e3c330000, 0x0000021e42a20000]
CodeHeap 'non-nmethods': size=5696Kb used=1375Kb max_used=1419Kb free=4320Kb
 bounds [0x0000021e42a20000, 0x0000021e42c90000, 0x0000021e42fb0000]
 total_blobs=7233 nmethods=6528 adapters=619
 compilation: enabled
              stopped_count=0, restarted_count=0
 full_count=0

Compilation events (20 events):
Event: 54.042 Thread 0x0000021e4c6c7640 nmethod 7317 0x0000021e3c30a610 code [0x0000021e3c30aa00, 0x0000021e3c30ca68]
Event: 54.047 Thread 0x0000021e4c6c7640 7318       3       org.eclipse.jdt.internal.core.JarPackageFragmentRoot::createChildren (67 bytes)
Event: 54.048 Thread 0x0000021e4c6c7640 nmethod 7318 0x0000021e3c30d890 code [0x0000021e3c30da60, 0x0000021e3c30e0c8]
Event: 54.048 Thread 0x0000021e4c6c7640 7319       3       org.eclipse.jdt.internal.compiler.util.SoftClassCache$ClassBytes::getBytes (65 bytes)
Event: 54.049 Thread 0x0000021e4c6c7640 nmethod 7319 0x0000021e3c30e310 code [0x0000021e3c30e540, 0x0000021e3c30ed88]
Event: 54.049 Thread 0x0000021e4c6c7640 7320       1       org.eclipse.jdt.internal.core.PackageFragmentRootInfo::setRootKind (6 bytes)
Event: 54.050 Thread 0x0000021e4c6c7640 nmethod 7320 0x0000021e43378c90 code [0x0000021e43378e20, 0x0000021e43378ef8]
Event: 54.050 Thread 0x0000021e4c6c7640 7321   !   3       org.eclipse.jdt.internal.compiler.util.Jdk::<init> (49 bytes)
Event: 54.051 Thread 0x0000021e4c6c7640 nmethod 7321 0x0000021e3c30f010 code [0x0000021e3c30f240, 0x0000021e3c30fa18]
Event: 54.053 Thread 0x0000021e4c6c7640 7322       1       org.eclipse.jdt.internal.core.JarPackageFragmentRoot::determineKind (2 bytes)
Event: 54.053 Thread 0x0000021e4c6c7640 nmethod 7322 0x0000021e43378f90 code [0x0000021e43379120, 0x0000021e433791f8]
Event: 54.054 Thread 0x0000021e4c6c7640 7323       3       org.eclipse.jdt.internal.core.JavaProject::getElementName (10 bytes)
Event: 54.054 Thread 0x0000021e4c6c7640 nmethod 7323 0x0000021e3c30fd90 code [0x0000021e3c30ff40, 0x0000021e3c3101c8]
Event: 54.056 Thread 0x0000021e4c6c7640 7324       3       org.eclipse.core.resources.ResourcesPlugin::getWorkspace (44 bytes)
Event: 54.057 Thread 0x0000021e4c6c7640 nmethod 7324 0x0000021e3c310390 code [0x0000021e3c310560, 0x0000021e3c310898]
Event: 54.059 Thread 0x0000021e4c6c7640 7325       3       org.eclipse.jdt.internal.core.ClasspathAttribute::equals (46 bytes)
Event: 54.060 Thread 0x0000021e4c6c7640 nmethod 7325 0x0000021e3c310a10 code [0x0000021e3c310be0, 0x0000021e3c311058]
Event: 54.065 Thread 0x0000021e4c6c7640 7326       3       java.util.Arrays::binarySearch (9 bytes)
Event: 54.067 Thread 0x0000021e4c6c7640 nmethod 7326 0x0000021e3c311190 code [0x0000021e3c311320, 0x0000021e3c311448]
Event: 54.087 Thread 0x0000021e4c6c7640 7328       3       org.eclipse.jdt.internal.core.JavaModelManager::getOption (159 bytes)

GC Heap History (20 events):
Event: 47.238 GC heap before
{Heap before GC invocations=25 (full 2):
 PSYoungGen      total 24576K, used 24160K [0x00000000eab00000, 0x00000000ec680000, 0x0000000100000000)
  eden space 22016K, 100% used [0x00000000eab00000,0x00000000ec080000,0x00000000ec080000)
  from space 2560K, 83% used [0x00000000ec400000,0x00000000ec618000,0x00000000ec680000)
  to   space 2560K, 0% used [0x00000000ec180000,0x00000000ec180000,0x00000000ec400000)
 ParOldGen       total 68608K, used 30725K [0x00000000c0000000, 0x00000000c4300000, 0x00000000eab00000)
  object space 68608K, 44% used [0x00000000c0000000,0x00000000c1e01588,0x00000000c4300000)
 Metaspace       used 53002K, committed 53952K, reserved 1114112K
  class space    used 5729K, committed 6208K, reserved 1048576K
}
Event: 47.261 GC heap after
{Heap after GC invocations=25 (full 2):
 PSYoungGen      total 24576K, used 2560K [0x00000000eab00000, 0x00000000ecc80000, 0x0000000100000000)
  eden space 22016K, 0% used [0x00000000eab00000,0x00000000eab00000,0x00000000ec080000)
  from space 2560K, 100% used [0x00000000ec180000,0x00000000ec400000,0x00000000ec400000)
  to   space 6144K, 0% used [0x00000000ec680000,0x00000000ec680000,0x00000000ecc80000)
 ParOldGen       total 68608K, used 33469K [0x00000000c0000000, 0x00000000c4300000, 0x00000000eab00000)
  object space 68608K, 48% used [0x00000000c0000000,0x00000000c20af698,0x00000000c4300000)
 Metaspace       used 53002K, committed 53952K, reserved 1114112K
  class space    used 5729K, committed 6208K, reserved 1048576K
}
Event: 48.041 GC heap before
{Heap before GC invocations=26 (full 2):
 PSYoungGen      total 24576K, used 24576K [0x00000000eab00000, 0x00000000ecc80000, 0x0000000100000000)
  eden space 22016K, 100% used [0x00000000eab00000,0x00000000ec080000,0x00000000ec080000)
  from space 2560K, 100% used [0x00000000ec180000,0x00000000ec400000,0x00000000ec400000)
  to   space 6144K, 0% used [0x00000000ec680000,0x00000000ec680000,0x00000000ecc80000)
 ParOldGen       total 68608K, used 33469K [0x00000000c0000000, 0x00000000c4300000, 0x00000000eab00000)
  object space 68608K, 48% used [0x00000000c0000000,0x00000000c20af698,0x00000000c4300000)
 Metaspace       used 55495K, committed 56512K, reserved 1114112K
  class space    used 5976K, committed 6464K, reserved 1048576K
}
Event: 48.054 GC heap after
{Heap after GC invocations=26 (full 2):
 PSYoungGen      total 23040K, used 600K [0x00000000eab00000, 0x00000000ec780000, 0x0000000100000000)
  eden space 22016K, 0% used [0x00000000eab00000,0x00000000eab00000,0x00000000ec080000)
  from space 1024K, 58% used [0x00000000ec680000,0x00000000ec716008,0x00000000ec780000)
  to   space 2560K, 0% used [0x00000000ec280000,0x00000000ec280000,0x00000000ec500000)
 ParOldGen       total 68608K, used 36048K [0x00000000c0000000, 0x00000000c4300000, 0x00000000eab00000)
  object space 68608K, 52% used [0x00000000c0000000,0x00000000c2334278,0x00000000c4300000)
 Metaspace       used 55495K, committed 56512K, reserved 1114112K
  class space    used 5976K, committed 6464K, reserved 1048576K
}
Event: 48.401 GC heap before
{Heap before GC invocations=27 (full 2):
 PSYoungGen      total 23040K, used 22616K [0x00000000eab00000, 0x00000000ec780000, 0x0000000100000000)
  eden space 22016K, 100% used [0x00000000eab00000,0x00000000ec080000,0x00000000ec080000)
  from space 1024K, 58% used [0x00000000ec680000,0x00000000ec716008,0x00000000ec780000)
  to   space 2560K, 0% used [0x00000000ec280000,0x00000000ec280000,0x00000000ec500000)
 ParOldGen       total 68608K, used 36048K [0x00000000c0000000, 0x00000000c4300000, 0x00000000eab00000)
  object space 68608K, 52% used [0x00000000c0000000,0x00000000c2334278,0x00000000c4300000)
 Metaspace       used 56516K, committed 57472K, reserved 1114112K
  class space    used 6105K, committed 6528K, reserved 1048576K
}
Event: 48.410 GC heap after
{Heap after GC invocations=27 (full 2):
 PSYoungGen      total 24576K, used 1560K [0x00000000eab00000, 0x00000000ec700000, 0x0000000100000000)
  eden space 22016K, 0% used [0x00000000eab00000,0x00000000eab00000,0x00000000ec080000)
  from space 2560K, 60% used [0x00000000ec280000,0x00000000ec4060f0,0x00000000ec500000)
  to   space 2048K, 0% used [0x00000000ec500000,0x00000000ec500000,0x00000000ec700000)
 ParOldGen       total 68608K, used 36650K [0x00000000c0000000, 0x00000000c4300000, 0x00000000eab00000)
  object space 68608K, 53% used [0x00000000c0000000,0x00000000c23cabe8,0x00000000c4300000)
 Metaspace       used 56516K, committed 57472K, reserved 1114112K
  class space    used 6105K, committed 6528K, reserved 1048576K
}
Event: 48.619 GC heap before
{Heap before GC invocations=28 (full 2):
 PSYoungGen      total 24576K, used 23576K [0x00000000eab00000, 0x00000000ec700000, 0x0000000100000000)
  eden space 22016K, 100% used [0x00000000eab00000,0x00000000ec080000,0x00000000ec080000)
  from space 2560K, 60% used [0x00000000ec280000,0x00000000ec4060f0,0x00000000ec500000)
  to   space 2048K, 0% used [0x00000000ec500000,0x00000000ec500000,0x00000000ec700000)
 ParOldGen       total 68608K, used 36650K [0x00000000c0000000, 0x00000000c4300000, 0x00000000eab00000)
  object space 68608K, 53% used [0x00000000c0000000,0x00000000c23cabe8,0x00000000c4300000)
 Metaspace       used 57396K, committed 58304K, reserved 1114112K
  class space    used 6194K, committed 6592K, reserved 1048576K
}
Event: 48.667 GC heap after
{Heap after GC invocations=28 (full 2):
 PSYoungGen      total 22528K, used 96K [0x00000000eab00000, 0x00000000ec580000, 0x0000000100000000)
  eden space 22016K, 0% used [0x00000000eab00000,0x00000000eab00000,0x00000000ec080000)
  from space 512K, 18% used [0x00000000ec500000,0x00000000ec518000,0x00000000ec580000)
  to   space 1024K, 0% used [0x00000000ec380000,0x00000000ec380000,0x00000000ec480000)
 ParOldGen       total 68608K, used 36826K [0x00000000c0000000, 0x00000000c4300000, 0x00000000eab00000)
  object space 68608K, 53% used [0x00000000c0000000,0x00000000c23f6be8,0x00000000c4300000)
 Metaspace       used 57396K, committed 58304K, reserved 1114112K
  class space    used 6194K, committed 6592K, reserved 1048576K
}
Event: 49.015 GC heap before
{Heap before GC invocations=29 (full 2):
 PSYoungGen      total 22528K, used 6981K [0x00000000eab00000, 0x00000000ec580000, 0x0000000100000000)
  eden space 22016K, 31% used [0x00000000eab00000,0x00000000eb1b95d0,0x00000000ec080000)
  from space 512K, 18% used [0x00000000ec500000,0x00000000ec518000,0x00000000ec580000)
  to   space 1024K, 0% used [0x00000000ec380000,0x00000000ec380000,0x00000000ec480000)
 ParOldGen       total 68608K, used 36826K [0x00000000c0000000, 0x00000000c4300000, 0x00000000eab00000)
  object space 68608K, 53% used [0x00000000c0000000,0x00000000c23f6be8,0x00000000c4300000)
 Metaspace       used 58825K, committed 59776K, reserved 1114112K
  class space    used 6365K, committed 6848K, reserved 1048576K
}
Event: 49.043 GC heap after
{Heap after GC invocations=29 (full 2):
 PSYoungGen      total 23040K, used 339K [0x00000000eab00000, 0x00000000ec580000, 0x0000000100000000)
  eden space 22016K, 0% used [0x00000000eab00000,0x00000000eab00000,0x00000000ec080000)
  from space 1024K, 33% used [0x00000000ec380000,0x00000000ec3d4fa0,0x00000000ec480000)
  to   space 512K, 0% used [0x00000000ec500000,0x00000000ec500000,0x00000000ec580000)
 ParOldGen       total 68608K, used 36866K [0x00000000c0000000, 0x00000000c4300000, 0x00000000eab00000)
  object space 68608K, 53% used [0x00000000c0000000,0x00000000c2400be8,0x00000000c4300000)
 Metaspace       used 58825K, committed 59776K, reserved 1114112K
  class space    used 6365K, committed 6848K, reserved 1048576K
}
Event: 49.043 GC heap before
{Heap before GC invocations=30 (full 3):
 PSYoungGen      total 23040K, used 339K [0x00000000eab00000, 0x00000000ec580000, 0x0000000100000000)
  eden space 22016K, 0% used [0x00000000eab00000,0x00000000eab00000,0x00000000ec080000)
  from space 1024K, 33% used [0x00000000ec380000,0x00000000ec3d4fa0,0x00000000ec480000)
  to   space 512K, 0% used [0x00000000ec500000,0x00000000ec500000,0x00000000ec580000)
 ParOldGen       total 68608K, used 36866K [0x00000000c0000000, 0x00000000c4300000, 0x00000000eab00000)
  object space 68608K, 53% used [0x00000000c0000000,0x00000000c2400be8,0x00000000c4300000)
 Metaspace       used 58825K, committed 59776K, reserved 1114112K
  class space    used 6365K, committed 6848K, reserved 1048576K
}
Event: 49.238 GC heap after
{Heap after GC invocations=30 (full 3):
 PSYoungGen      total 23040K, used 0K [0x00000000eab00000, 0x00000000ec580000, 0x0000000100000000)
  eden space 22016K, 0% used [0x00000000eab00000,0x00000000eab00000,0x00000000ec080000)
  from space 1024K, 0% used [0x00000000ec380000,0x00000000ec380000,0x00000000ec480000)
  to   space 512K, 0% used [0x00000000ec500000,0x00000000ec500000,0x00000000ec580000)
 ParOldGen       total 68608K, used 35699K [0x00000000c0000000, 0x00000000c4300000, 0x00000000eab00000)
  object space 68608K, 52% used [0x00000000c0000000,0x00000000c22dcc08,0x00000000c4300000)
 Metaspace       used 58825K, committed 59776K, reserved 1114112K
  class space    used 6365K, committed 6848K, reserved 1048576K
}
Event: 50.693 GC heap before
{Heap before GC invocations=31 (full 3):
 PSYoungGen      total 23040K, used 22016K [0x00000000eab00000, 0x00000000ec580000, 0x0000000100000000)
  eden space 22016K, 100% used [0x00000000eab00000,0x00000000ec080000,0x00000000ec080000)
  from space 1024K, 0% used [0x00000000ec380000,0x00000000ec380000,0x00000000ec480000)
  to   space 512K, 0% used [0x00000000ec500000,0x00000000ec500000,0x00000000ec580000)
 ParOldGen       total 68608K, used 35699K [0x00000000c0000000, 0x00000000c4300000, 0x00000000eab00000)
  object space 68608K, 52% used [0x00000000c0000000,0x00000000c22dcc08,0x00000000c4300000)
 Metaspace       used 60110K, committed 61120K, reserved 1114112K
  class space    used 6514K, committed 6976K, reserved 1048576K
}
Event: 50.700 GC heap after
{Heap after GC invocations=31 (full 3):
 PSYoungGen      total 22528K, used 448K [0x00000000eab00000, 0x00000000ec580000, 0x0000000100000000)
  eden space 22016K, 0% used [0x00000000eab00000,0x00000000eab00000,0x00000000ec080000)
  from space 512K, 87% used [0x00000000ec500000,0x00000000ec570000,0x00000000ec580000)
  to   space 512K, 0% used [0x00000000ec480000,0x00000000ec480000,0x00000000ec500000)
 ParOldGen       total 68608K, used 35707K [0x00000000c0000000, 0x00000000c4300000, 0x00000000eab00000)
  object space 68608K, 52% used [0x00000000c0000000,0x00000000c22dec08,0x00000000c4300000)
 Metaspace       used 60110K, committed 61120K, reserved 1114112K
  class space    used 6514K, committed 6976K, reserved 1048576K
}
Event: 51.645 GC heap before
{Heap before GC invocations=32 (full 3):
 PSYoungGen      total 22528K, used 22464K [0x00000000eab00000, 0x00000000ec580000, 0x0000000100000000)
  eden space 22016K, 100% used [0x00000000eab00000,0x00000000ec080000,0x00000000ec080000)
  from space 512K, 87% used [0x00000000ec500000,0x00000000ec570000,0x00000000ec580000)
  to   space 512K, 0% used [0x00000000ec480000,0x00000000ec480000,0x00000000ec500000)
 ParOldGen       total 68608K, used 35707K [0x00000000c0000000, 0x00000000c4300000, 0x00000000eab00000)
  object space 68608K, 52% used [0x00000000c0000000,0x00000000c22dec08,0x00000000c4300000)
 Metaspace       used 62065K, committed 63040K, reserved 1114112K
  class space    used 6714K, committed 7168K, reserved 1048576K
}
Event: 51.655 GC heap after
{Heap after GC invocations=32 (full 3):
 PSYoungGen      total 22528K, used 496K [0x00000000eab00000, 0x00000000ec580000, 0x0000000100000000)
  eden space 22016K, 0% used [0x00000000eab00000,0x00000000eab00000,0x00000000ec080000)
  from space 512K, 96% used [0x00000000ec480000,0x00000000ec4fc010,0x00000000ec500000)
  to   space 512K, 0% used [0x00000000ec500000,0x00000000ec500000,0x00000000ec580000)
 ParOldGen       total 68608K, used 36727K [0x00000000c0000000, 0x00000000c4300000, 0x00000000eab00000)
  object space 68608K, 53% used [0x00000000c0000000,0x00000000c23dde80,0x00000000c4300000)
 Metaspace       used 62065K, committed 63040K, reserved 1114112K
  class space    used 6714K, committed 7168K, reserved 1048576K
}
Event: 53.505 GC heap before
{Heap before GC invocations=33 (full 3):
 PSYoungGen      total 22528K, used 22512K [0x00000000eab00000, 0x00000000ec580000, 0x0000000100000000)
  eden space 22016K, 100% used [0x00000000eab00000,0x00000000ec080000,0x00000000ec080000)
  from space 512K, 96% used [0x00000000ec480000,0x00000000ec4fc010,0x00000000ec500000)
  to   space 512K, 0% used [0x00000000ec500000,0x00000000ec500000,0x00000000ec580000)
 ParOldGen       total 68608K, used 36727K [0x00000000c0000000, 0x00000000c4300000, 0x00000000eab00000)
  object space 68608K, 53% used [0x00000000c0000000,0x00000000c23dde80,0x00000000c4300000)
 Metaspace       used 64249K, committed 65280K, reserved 1114112K
  class space    used 6959K, committed 7424K, reserved 1048576K
}
Event: 53.514 GC heap after
{Heap after GC invocations=33 (full 3):
 PSYoungGen      total 22528K, used 480K [0x00000000eab00000, 0x00000000ec580000, 0x0000000100000000)
  eden space 22016K, 0% used [0x00000000eab00000,0x00000000eab00000,0x00000000ec080000)
  from space 512K, 93% used [0x00000000ec500000,0x00000000ec578020,0x00000000ec580000)
  to   space 1536K, 0% used [0x00000000ec280000,0x00000000ec280000,0x00000000ec400000)
 ParOldGen       total 68608K, used 37563K [0x00000000c0000000, 0x00000000c4300000, 0x00000000eab00000)
  object space 68608K, 54% used [0x00000000c0000000,0x00000000c24aefc0,0x00000000c4300000)
 Metaspace       used 64249K, committed 65280K, reserved 1114112K
  class space    used 6959K, committed 7424K, reserved 1048576K
}
Event: 53.975 GC heap before
{Heap before GC invocations=34 (full 3):
 PSYoungGen      total 22528K, used 22496K [0x00000000eab00000, 0x00000000ec580000, 0x0000000100000000)
  eden space 22016K, 100% used [0x00000000eab00000,0x00000000ec080000,0x00000000ec080000)
  from space 512K, 93% used [0x00000000ec500000,0x00000000ec578020,0x00000000ec580000)
  to   space 1536K, 0% used [0x00000000ec280000,0x00000000ec280000,0x00000000ec400000)
 ParOldGen       total 68608K, used 37563K [0x00000000c0000000, 0x00000000c4300000, 0x00000000eab00000)
  object space 68608K, 54% used [0x00000000c0000000,0x00000000c24aefc0,0x00000000c4300000)
 Metaspace       used 64970K, committed 66048K, reserved 1114112K
  class space    used 7018K, committed 7488K, reserved 1048576K
}
Event: 53.994 GC heap after
{Heap after GC invocations=34 (full 3):
 PSYoungGen      total 23552K, used 576K [0x00000000eab00000, 0x00000000ec580000, 0x0000000100000000)
  eden space 22016K, 0% used [0x00000000eab00000,0x00000000eab00000,0x00000000ec080000)
  from space 1536K, 37% used [0x00000000ec280000,0x00000000ec310020,0x00000000ec400000)
  to   space 1024K, 0% used [0x00000000ec480000,0x00000000ec480000,0x00000000ec580000)
 ParOldGen       total 68608K, used 37880K [0x00000000c0000000, 0x00000000c4300000, 0x00000000eab00000)
  object space 68608K, 55% used [0x00000000c0000000,0x00000000c24fe0c0,0x00000000c4300000)
 Metaspace       used 64970K, committed 66048K, reserved 1114112K
  class space    used 7018K, committed 7488K, reserved 1048576K
}

Dll operation events (12 events):
Event: 0.110 Loaded shared library c:\Users\Administrator\.vscode\extensions\redhat.java-1.27.0-win32-x64\jre\17.0.10-win32-x86_64\bin\java.dll
Event: 0.873 Loaded shared library c:\Users\Administrator\.vscode\extensions\redhat.java-1.27.0-win32-x64\jre\17.0.10-win32-x86_64\bin\zip.dll
Event: 0.883 Loaded shared library C:\Users\Administrator\.vscode\extensions\redhat.java-1.27.0-win32-x64\jre\17.0.10-win32-x86_64\bin\instrument.dll
Event: 0.962 Loaded shared library C:\Users\Administrator\.vscode\extensions\redhat.java-1.27.0-win32-x64\jre\17.0.10-win32-x86_64\bin\net.dll
Event: 0.974 Loaded shared library C:\Users\Administrator\.vscode\extensions\redhat.java-1.27.0-win32-x64\jre\17.0.10-win32-x86_64\bin\nio.dll
Event: 0.993 Loaded shared library C:\Users\Administrator\.vscode\extensions\redhat.java-1.27.0-win32-x64\jre\17.0.10-win32-x86_64\bin\zip.dll
Event: 1.052 Loaded shared library C:\Users\Administrator\.vscode\extensions\redhat.java-1.27.0-win32-x64\jre\17.0.10-win32-x86_64\bin\jimage.dll
Event: 1.221 Loaded shared library c:\Users\Administrator\.vscode\extensions\redhat.java-1.27.0-win32-x64\jre\17.0.10-win32-x86_64\bin\verify.dll
Event: 12.816 Loaded shared library C:\Users\Administrator\AppData\Roaming\Code\User\globalStorage\redhat.java\1.27.0\config_win\org.eclipse.equinox.launcher\org.eclipse.equinox.launcher.win32.win32.x86_64_1.2.900.v20240129-1338\eclipse_11900.dll
Event: 39.866 Loaded shared library C:\Users\Administrator\AppData\Local\Temp\2\jna--1083394829\jna14656742016394768085.dll
Event: 48.210 Loaded shared library C:\Users\Administrator\.vscode\extensions\redhat.java-1.27.0-win32-x64\jre\17.0.10-win32-x86_64\bin\sunmscapi.dll
Event: 48.612 Loaded shared library C:\Users\Administrator\.vscode\extensions\redhat.java-1.27.0-win32-x64\jre\17.0.10-win32-x86_64\bin\extnet.dll

Deoptimization events (20 events):
Event: 53.634 Thread 0x0000021e518a9c70 DEOPT PACKING pc=0x0000021e43355c28 sp=0x000000975e9fe950
Event: 53.634 Thread 0x0000021e518a9c70 DEOPT UNPACKING pc=0x0000021e42a79ea3 sp=0x000000975e9fe8f0 mode 2
Event: 53.634 Thread 0x0000021e518a9c70 Uncommon trap: trap_request=0xffffffde fr.pc=0x0000021e43310e68 relative=0x0000000000000588
Event: 53.634 Thread 0x0000021e518a9c70 Uncommon trap: reason=class_check action=maybe_recompile pc=0x0000021e43310e68 method=java.util.HashMap.removeNode(ILjava/lang/Object;Ljava/lang/Object;ZZ)Ljava/util/HashMap$Node; @ 143 c2
Event: 53.634 Thread 0x0000021e518a9c70 DEOPT PACKING pc=0x0000021e43310e68 sp=0x000000975e9fe8c0
Event: 53.634 Thread 0x0000021e518a9c70 DEOPT UNPACKING pc=0x0000021e42a79ea3 sp=0x000000975e9fe7b8 mode 2
Event: 53.916 Thread 0x0000021e5407e5c0 Uncommon trap: trap_request=0xffffffde fr.pc=0x0000021e43363ce4 relative=0x0000000000002024
Event: 53.916 Thread 0x0000021e5407e5c0 Uncommon trap: reason=class_check action=maybe_recompile pc=0x0000021e43363ce4 method=org.eclipse.jdt.internal.core.JavaModelCache.getInfo(Lorg/eclipse/jdt/core/IJavaElement;)Lorg/eclipse/jdt/internal/compiler/env/IElementInfo; @ 106 c2
Event: 53.916 Thread 0x0000021e5407e5c0 DEOPT PACKING pc=0x0000021e43363ce4 sp=0x000000975f0fdf90
Event: 53.916 Thread 0x0000021e5407e5c0 DEOPT UNPACKING pc=0x0000021e42a79ea3 sp=0x000000975f0fdef0 mode 2
Event: 53.918 Thread 0x0000021e5407e5c0 Uncommon trap: trap_request=0xffffffde fr.pc=0x0000021e43363ce4 relative=0x0000000000002024
Event: 53.918 Thread 0x0000021e5407e5c0 Uncommon trap: reason=class_check action=maybe_recompile pc=0x0000021e43363ce4 method=org.eclipse.jdt.internal.core.JavaModelCache.getInfo(Lorg/eclipse/jdt/core/IJavaElement;)Lorg/eclipse/jdt/internal/compiler/env/IElementInfo; @ 106 c2
Event: 53.918 Thread 0x0000021e5407e5c0 DEOPT PACKING pc=0x0000021e43363ce4 sp=0x000000975f0fdd20
Event: 53.918 Thread 0x0000021e5407e5c0 DEOPT UNPACKING pc=0x0000021e42a79ea3 sp=0x000000975f0fdc90 mode 2
Event: 53.918 Thread 0x0000021e5407e5c0 Uncommon trap: trap_request=0xffffffde fr.pc=0x0000021e43363ce4 relative=0x0000000000002024
Event: 53.918 Thread 0x0000021e5407e5c0 Uncommon trap: reason=class_check action=maybe_recompile pc=0x0000021e43363ce4 method=org.eclipse.jdt.internal.core.JavaModelCache.getInfo(Lorg/eclipse/jdt/core/IJavaElement;)Lorg/eclipse/jdt/internal/compiler/env/IElementInfo; @ 106 c2
Event: 53.918 Thread 0x0000021e5407e5c0 DEOPT PACKING pc=0x0000021e43363ce4 sp=0x000000975f0fdc90
Event: 53.918 Thread 0x0000021e5407e5c0 DEOPT UNPACKING pc=0x0000021e42a79ea3 sp=0x000000975f0fdbf0 mode 2
Event: 54.042 Thread 0x0000021e5407e5c0 DEOPT PACKING pc=0x0000021e3c28998e sp=0x000000975f0fca10
Event: 54.042 Thread 0x0000021e5407e5c0 DEOPT UNPACKING pc=0x0000021e42a7a9e3 sp=0x000000975f0fbf30 mode 0

Classes unloaded (7 events):
Event: 34.580 Thread 0x0000021e38908780 Unloading class 0x0000000100250400 'java/lang/invoke/LambdaForm$MH+0x0000000100250400'
Event: 34.580 Thread 0x0000021e38908780 Unloading class 0x0000000100250000 'java/lang/invoke/LambdaForm$MH+0x0000000100250000'
Event: 34.580 Thread 0x0000021e38908780 Unloading class 0x000000010024fc00 'java/lang/invoke/LambdaForm$MH+0x000000010024fc00'
Event: 34.580 Thread 0x0000021e38908780 Unloading class 0x000000010024f800 'java/lang/invoke/LambdaForm$MH+0x000000010024f800'
Event: 34.580 Thread 0x0000021e38908780 Unloading class 0x000000010024f400 'java/lang/invoke/LambdaForm$BMH+0x000000010024f400'
Event: 34.580 Thread 0x0000021e38908780 Unloading class 0x000000010024f000 'java/lang/invoke/LambdaForm$DMH+0x000000010024f000'
Event: 34.581 Thread 0x0000021e38908780 Unloading class 0x000000010024c400 'java/lang/invoke/LambdaForm$DMH+0x000000010024c400'

Classes redefined (0 events):
No events

Internal exceptions (20 events):
Event: 47.510 Thread 0x0000021e518aa180 Exception <a 'sun/nio/fs/WindowsException'{0x00000000eb083168}> (0x00000000eb083168) 
thrown [s\src\hotspot\share\prims\jni.cpp, line 516]
Event: 47.511 Thread 0x0000021e518aa180 Exception <a 'sun/nio/fs/WindowsException'{0x00000000eb0866f8}> (0x00000000eb0866f8) 
thrown [s\src\hotspot\share\prims\jni.cpp, line 516]
Event: 51.693 Thread 0x0000021e518aa180 Exception <a 'java/lang/NoSuchMethodError'{0x00000000eab224d0}: 'java.lang.Object java.lang.invoke.DirectMethodHandle$Holder.newInvokeSpecial(java.lang.Object, java.lang.Object, java.lang.Object, int)'> (0x00000000eab224d0) 
thrown [s\src\hotspot\share\interpreter\linkResolver.cpp, line 759]
Event: 51.693 Thread 0x0000021e518aa180 Exception <a 'java/lang/NoSuchMethodError'{0x00000000eab265d8}: 'java.lang.Object java.lang.invoke.DirectMethodHandle$Holder.invokeSpecial(java.lang.Object, java.lang.Object, java.lang.Object, java.lang.Object, int)'> (0x00000000eab265d8) 
thrown [s\src\hotspot\share\interpreter\linkResolver.cpp, line 759]
Event: 51.694 Thread 0x0000021e518aa180 Exception <a 'java/lang/NoSuchMethodError'{0x00000000eab29ce0}: 'java.lang.Object java.lang.invoke.Invokers$Holder.linkToTargetMethod(java.lang.Object, java.lang.Object, int, java.lang.Object)'> (0x00000000eab29ce0) 
thrown [s\src\hotspot\share\interpreter\linkResolver.cpp, line 759]
Event: 51.708 Thread 0x0000021e518aa180 Exception <a 'java/io/FileNotFoundException'{0x00000000eab5d8d8}> (0x00000000eab5d8d8) 
thrown [s\src\hotspot\share\prims\jni.cpp, line 516]
Event: 51.709 Thread 0x0000021e518aa180 Exception <a 'java/io/FileNotFoundException'{0x00000000eab5e930}> (0x00000000eab5e930) 
thrown [s\src\hotspot\share\prims\jni.cpp, line 516]
Event: 51.751 Thread 0x0000021e518a8d40 Exception <a 'java/lang/NoSuchMethodError'{0x00000000eac1e5c0}: 'int java.lang.invoke.DirectMethodHandle$Holder.invokeVirtual(java.lang.Object, java.lang.Object)'> (0x00000000eac1e5c0) 
thrown [s\src\hotspot\share\interpreter\linkResolver.cpp, line 759]
Event: 51.765 Thread 0x0000021e518aa180 Exception <a 'sun/nio/fs/WindowsException'{0x00000000eabe79e8}> (0x00000000eabe79e8) 
thrown [s\src\hotspot\share\prims\jni.cpp, line 516]
Event: 51.780 Thread 0x0000021e518aa180 Exception <a 'sun/nio/fs/WindowsException'{0x00000000eac00610}> (0x00000000eac00610) 
thrown [s\src\hotspot\share\prims\jni.cpp, line 516]
Event: 52.013 Thread 0x0000021e5407e5c0 Exception <a 'java/lang/NoSuchMethodError'{0x00000000eacd41b8}: 'java.lang.Object java.lang.invoke.DirectMethodHandle$Holder.invokeInterface(java.lang.Object, java.lang.Object, java.lang.Object)'> (0x00000000eacd41b8) 
thrown [s\src\hotspot\share\interpreter\linkResolver.cpp, line 759]
Event: 52.450 Thread 0x0000021e518a8d40 Exception <a 'java/io/FileNotFoundException'{0x00000000eb0b6978}> (0x00000000eb0b6978) 
thrown [s\src\hotspot\share\prims\jni.cpp, line 516]
Event: 52.450 Thread 0x0000021e518a8d40 Exception <a 'java/io/FileNotFoundException'{0x00000000eb0b79c0}> (0x00000000eb0b79c0) 
thrown [s\src\hotspot\share\prims\jni.cpp, line 516]
Event: 52.450 Thread 0x0000021e518a8d40 Exception <a 'java/io/FileNotFoundException'{0x00000000eb0b8760}> (0x00000000eb0b8760) 
thrown [s\src\hotspot\share\prims\jni.cpp, line 516]
Event: 52.620 Thread 0x0000021e5407e5c0 Exception <a 'java/io/FileNotFoundException'{0x00000000eb2b1990}> (0x00000000eb2b1990) 
thrown [s\src\hotspot\share\prims\jni.cpp, line 516]
Event: 52.626 Thread 0x0000021e5407e5c0 Exception <a 'java/lang/NoSuchMethodError'{0x00000000eb2dde40}: 'java.lang.Object java.lang.invoke.DirectMethodHandle$Holder.invokeStatic(java.lang.Object, java.lang.Object, int, java.lang.Object)'> (0x00000000eb2dde40) 
thrown [s\src\hotspot\share\interpreter\linkResolver.cpp, line 759]
Event: 52.627 Thread 0x0000021e5407e5c0 Exception <a 'java/lang/NoSuchMethodError'{0x00000000eb2e6bd8}: 'java.lang.Object java.lang.invoke.DirectMethodHandle$Holder.newInvokeSpecial(java.lang.Object, java.lang.Object, int)'> (0x00000000eb2e6bd8) 
thrown [s\src\hotspot\share\interpreter\linkResolver.cpp, line 759]
Event: 52.703 Thread 0x0000021e518a8320 Implicit null exception at 0x0000021e430d15f2 to 0x0000021e430d2328
Event: 53.193 Thread 0x0000021e518a9c70 Exception <a 'sun/nio/fs/WindowsException'{0x00000000ebbf1ca8}> (0x00000000ebbf1ca8) 
thrown [s\src\hotspot\share\prims\jni.cpp, line 516]
Event: 53.796 Thread 0x0000021e518a8320 Exception <a 'java/lang/NoSuchMethodError'{0x00000000ebd5c740}: 'int java.lang.invoke.DirectMethodHandle$Holder.invokeVirtual(java.lang.Object, java.lang.Object, java.lang.Object)'> (0x00000000ebd5c740) 
thrown [s\src\hotspot\share\interpreter\linkResolver.cpp, line 759]

VM Operations (20 events):
Event: 51.645 Executing VM operation: ParallelGCFailedAllocation
Event: 51.655 Executing VM operation: ParallelGCFailedAllocation done
Event: 52.121 Executing VM operation: HandshakeAllThreads
Event: 52.121 Executing VM operation: HandshakeAllThreads done
Event: 52.123 Executing VM operation: HandshakeAllThreads
Event: 52.123 Executing VM operation: HandshakeAllThreads done
Event: 52.561 Executing VM operation: HandshakeAllThreads
Event: 52.561 Executing VM operation: HandshakeAllThreads done
Event: 52.567 Executing VM operation: HandshakeAllThreads
Event: 52.567 Executing VM operation: HandshakeAllThreads done
Event: 52.867 Executing VM operation: HandshakeAllThreads
Event: 52.868 Executing VM operation: HandshakeAllThreads done
Event: 52.868 Executing VM operation: Cleanup
Event: 52.868 Executing VM operation: Cleanup done
Event: 52.999 Executing VM operation: HandshakeAllThreads
Event: 52.999 Executing VM operation: HandshakeAllThreads done
Event: 53.414 Executing VM operation: ParallelGCFailedAllocation
Event: 53.533 Executing VM operation: ParallelGCFailedAllocation done
Event: 53.975 Executing VM operation: ParallelGCFailedAllocation
Event: 53.994 Executing VM operation: ParallelGCFailedAllocation done

Events (20 events):
Event: 52.443 loading class java/util/WeakHashMap$KeyIterator
Event: 52.444 loading class java/util/WeakHashMap$KeyIterator done
Event: 52.608 loading class sun/nio/cs/ThreadLocalCoders
Event: 52.609 loading class sun/nio/cs/ThreadLocalCoders done
Event: 52.609 loading class sun/nio/cs/ThreadLocalCoders$1
Event: 52.609 loading class sun/nio/cs/ThreadLocalCoders$Cache
Event: 52.609 loading class sun/nio/cs/ThreadLocalCoders$Cache done
Event: 52.609 loading class sun/nio/cs/ThreadLocalCoders$1 done
Event: 52.610 loading class sun/nio/cs/ThreadLocalCoders$2
Event: 52.610 loading class sun/nio/cs/ThreadLocalCoders$2 done
Event: 53.014 loading class java/util/Hashtable$ValueCollection
Event: 53.014 loading class java/util/Hashtable$ValueCollection done
Event: 53.713 loading class java/nio/charset/CharacterCodingException
Event: 53.713 loading class java/nio/charset/CharacterCodingException done
Event: 53.714 loading class java/io/SequenceInputStream
Event: 53.714 loading class java/io/SequenceInputStream done
Event: 53.926 loading class java/lang/UnsupportedClassVersionError
Event: 53.926 loading class java/lang/UnsupportedClassVersionError done
Event: 53.947 loading class jdk/internal/reflect/UnsafeQualifiedStaticIntegerFieldAccessorImpl
Event: 53.947 loading class jdk/internal/reflect/UnsafeQualifiedStaticIntegerFieldAccessorImpl done


Dynamic libraries:
0x00007ff65ba00000 - 0x00007ff65ba0e000 	c:\Users\Administrator\.vscode\extensions\redhat.java-1.27.0-win32-x64\jre\17.0.10-win32-x86_64\bin\java.exe
0x00007ffa67c00000 - 0x00007ffa67dcf000 	C:\Windows\SYSTEM32\ntdll.dll
0x00007ffa66c30000 - 0x00007ffa66cdd000 	C:\Windows\System32\KERNEL32.DLL
0x00007ffa64550000 - 0x00007ffa6476e000 	C:\Windows\System32\KERNELBASE.dll
0x00007ffa64770000 - 0x00007ffa64864000 	C:\Windows\System32\ucrtbase.dll
0x00007ffa3df10000 - 0x00007ffa3df27000 	c:\Users\Administrator\.vscode\extensions\redhat.java-1.27.0-win32-x64\jre\17.0.10-win32-x86_64\bin\jli.dll
0x00007ffa679e0000 - 0x00007ffa67b46000 	C:\Windows\System32\USER32.dll
0x00007ffa64330000 - 0x00007ffa6434e000 	C:\Windows\System32\win32u.dll
0x00007ffa66b10000 - 0x00007ffa66b44000 	C:\Windows\System32\GDI32.dll
0x00007ffa643c0000 - 0x00007ffa64544000 	C:\Windows\System32\gdi32full.dll
0x00007ffa3def0000 - 0x00007ffa3df0b000 	c:\Users\Administrator\.vscode\extensions\redhat.java-1.27.0-win32-x64\jre\17.0.10-win32-x86_64\bin\VCRUNTIME140.dll
0x00007ffa5c920000 - 0x00007ffa5cb9a000 	C:\Windows\WinSxS\amd64_microsoft.windows.common-controls_6595b64144ccf1df_6.0.14393.4169_none_7de0bbf28341b1f2\COMCTL32.dll
0x00007ffa65260000 - 0x00007ffa652fe000 	C:\Windows\System32\msvcrt.dll
0x00007ffa674a0000 - 0x00007ffa67766000 	C:\Windows\System32\combase.dll
0x00007ffa67380000 - 0x00007ffa6749e000 	C:\Windows\System32\RPCRT4.dll
0x00007ffa64350000 - 0x00007ffa643bc000 	C:\Windows\System32\bcryptPrimitives.dll
0x00007ffa67bd0000 - 0x00007ffa67bfe000 	C:\Windows\System32\IMM32.DLL
0x00007ffa5e020000 - 0x00007ffa5e02c000 	c:\Users\Administrator\.vscode\extensions\redhat.java-1.27.0-win32-x64\jre\17.0.10-win32-x86_64\bin\vcruntime140_1.dll
0x00007ffa3dad0000 - 0x00007ffa3db5d000 	c:\Users\Administrator\.vscode\extensions\redhat.java-1.27.0-win32-x64\jre\17.0.10-win32-x86_64\bin\msvcp140.dll
0x00007ffa2fe60000 - 0x00007ffa30ac2000 	c:\Users\Administrator\.vscode\extensions\redhat.java-1.27.0-win32-x64\jre\17.0.10-win32-x86_64\bin\server\jvm.dll
0x00007ffa651a0000 - 0x00007ffa65246000 	C:\Windows\System32\ADVAPI32.dll
0x00007ffa65440000 - 0x00007ffa6549b000 	C:\Windows\System32\sechost.dll
0x00007ffa64060000 - 0x00007ffa640ac000 	C:\Windows\System32\POWRPROF.dll
0x00007ffa58860000 - 0x00007ffa58869000 	C:\Windows\SYSTEM32\WSOCK32.dll
0x00007ffa672b0000 - 0x00007ffa6731a000 	C:\Windows\System32\WS2_32.dll
0x00007ffa5c160000 - 0x00007ffa5c183000 	C:\Windows\SYSTEM32\WINMM.dll
0x00007ffa5cf50000 - 0x00007ffa5cf5a000 	C:\Windows\SYSTEM32\VERSION.dll
0x00007ffa5c130000 - 0x00007ffa5c15b000 	C:\Windows\SYSTEM32\WINMMBASE.dll
0x00007ffa64870000 - 0x00007ffa648b2000 	C:\Windows\System32\cfgmgr32.dll
0x00007ffa64040000 - 0x00007ffa6404f000 	C:\Windows\System32\kernel.appcore.dll
0x00007ffa43b80000 - 0x00007ffa43b8a000 	c:\Users\Administrator\.vscode\extensions\redhat.java-1.27.0-win32-x64\jre\17.0.10-win32-x86_64\bin\jimage.dll
0x00007ffa5c760000 - 0x00007ffa5c8f2000 	C:\Windows\SYSTEM32\DBGHELP.DLL
0x00007ffa5c730000 - 0x00007ffa5c759000 	C:\Windows\SYSTEM32\dbgcore.DLL
0x00007ffa43b70000 - 0x00007ffa43b7e000 	c:\Users\Administrator\.vscode\extensions\redhat.java-1.27.0-win32-x64\jre\17.0.10-win32-x86_64\bin\instrument.dll
0x00007ffa3df60000 - 0x00007ffa3df85000 	c:\Users\Administrator\.vscode\extensions\redhat.java-1.27.0-win32-x64\jre\17.0.10-win32-x86_64\bin\java.dll
0x00007ffa3df40000 - 0x00007ffa3df58000 	c:\Users\Administrator\.vscode\extensions\redhat.java-1.27.0-win32-x64\jre\17.0.10-win32-x86_64\bin\zip.dll
0x00007ffa654a0000 - 0x00007ffa669a6000 	C:\Windows\System32\SHELL32.dll
0x00007ffa648c0000 - 0x00007ffa64f95000 	C:\Windows\System32\windows.storage.dll
0x00007ffa67320000 - 0x00007ffa67372000 	C:\Windows\System32\shlwapi.dll
0x00007ffa650f0000 - 0x00007ffa65198000 	C:\Windows\System32\shcore.dll
0x00007ffa640b0000 - 0x00007ffa640c4000 	C:\Windows\System32\profapi.dll
0x00007ffa3dab0000 - 0x00007ffa3dac9000 	C:\Users\Administrator\.vscode\extensions\redhat.java-1.27.0-win32-x64\jre\17.0.10-win32-x86_64\bin\net.dll
0x00007ffa60140000 - 0x00007ffa6020d000 	C:\Windows\SYSTEM32\WINHTTP.dll
0x00007ffa63900000 - 0x00007ffa6395d000 	C:\Windows\system32\mswsock.dll
0x00007ffa3da90000 - 0x00007ffa3daa6000 	C:\Users\Administrator\.vscode\extensions\redhat.java-1.27.0-win32-x64\jre\17.0.10-win32-x86_64\bin\nio.dll
0x00007ffa43b50000 - 0x00007ffa43b60000 	c:\Users\Administrator\.vscode\extensions\redhat.java-1.27.0-win32-x64\jre\17.0.10-win32-x86_64\bin\verify.dll
0x00007ffa3e150000 - 0x00007ffa3e18e000 	C:\Users\Administrator\AppData\Roaming\Code\User\globalStorage\redhat.java\1.27.0\config_win\org.eclipse.equinox.launcher\org.eclipse.equinox.launcher.win32.win32.x86_64_1.2.900.v20240129-1338\eclipse_11900.dll
0x00007ffa65300000 - 0x00007ffa65439000 	C:\Windows\System32\ole32.dll
0x00007ffa63ab0000 - 0x00007ffa63ac7000 	C:\Windows\SYSTEM32\CRYPTSP.dll
0x00007ffa634b0000 - 0x00007ffa634e3000 	C:\Windows\system32\rsaenh.dll
0x00007ffa63f80000 - 0x00007ffa63fab000 	C:\Windows\SYSTEM32\bcrypt.dll
0x00007ffa63770000 - 0x00007ffa63790000 	C:\Windows\SYSTEM32\USERENV.dll
0x00007ffa63ad0000 - 0x00007ffa63adb000 	C:\Windows\SYSTEM32\CRYPTBASE.dll
0x00007ffa63630000 - 0x00007ffa63668000 	C:\Windows\SYSTEM32\IPHLPAPI.DLL
0x00007ffa67b50000 - 0x00007ffa67b58000 	C:\Windows\System32\NSI.dll
0x00007ffa5fd20000 - 0x00007ffa5fd36000 	C:\Windows\SYSTEM32\dhcpcsvc6.DLL
0x00007ffa5fd00000 - 0x00007ffa5fd1a000 	C:\Windows\SYSTEM32\dhcpcsvc.DLL
0x00007ffa3e070000 - 0x00007ffa3e0b5000 	C:\Users\Administrator\AppData\Local\Temp\2\jna--1083394829\jna14656742016394768085.dll
0x00007ffa65250000 - 0x00007ffa65258000 	C:\Windows\System32\PSAPI.DLL
0x00007ffa5d840000 - 0x00007ffa5d855000 	C:\Windows\SYSTEM32\ondemandconnroutehelper.dll
0x00007ffa43b10000 - 0x00007ffa43b1e000 	C:\Users\Administrator\.vscode\extensions\redhat.java-1.27.0-win32-x64\jre\17.0.10-win32-x86_64\bin\sunmscapi.dll
0x00007ffa64130000 - 0x00007ffa64323000 	C:\Windows\System32\CRYPT32.dll
0x00007ffa64050000 - 0x00007ffa64060000 	C:\Windows\System32\MSASN1.dll
0x00007ffa63b90000 - 0x00007ffa63bb6000 	C:\Windows\SYSTEM32\ncrypt.dll
0x00007ffa63b50000 - 0x00007ffa63b8b000 	C:\Windows\SYSTEM32\NTASN1.dll
0x00007ffa63680000 - 0x00007ffa63722000 	C:\Windows\SYSTEM32\DNSAPI.dll
0x00007ffa5e7b0000 - 0x00007ffa5e7ba000 	C:\Windows\System32\rasadhlp.dll
0x00007ffa5f500000 - 0x00007ffa5f56a000 	C:\Windows\System32\fwpuclnt.dll
0x00007ffa427b0000 - 0x00007ffa427b9000 	C:\Users\Administrator\.vscode\extensions\redhat.java-1.27.0-win32-x64\jre\17.0.10-win32-x86_64\bin\extnet.dll

dbghelp: loaded successfully - version: 4.0.5 - missing functions: none
symbol engine: initialized successfully - sym options: 0x614 - pdb path: .;c:\Users\Administrator\.vscode\extensions\redhat.java-1.27.0-win32-x64\jre\17.0.10-win32-x86_64\bin;C:\Windows\SYSTEM32;C:\Windows\WinSxS\amd64_microsoft.windows.common-controls_6595b64144ccf1df_6.0.14393.4169_none_7de0bbf28341b1f2;c:\Users\Administrator\.vscode\extensions\redhat.java-1.27.0-win32-x64\jre\17.0.10-win32-x86_64\bin\server;C:\Users\Administrator\AppData\Roaming\Code\User\globalStorage\redhat.java\1.27.0\config_win\org.eclipse.equinox.launcher\org.eclipse.equinox.launcher.win32.win32.x86_64_1.2.900.v20240129-1338;C:\Users\Administrator\AppData\Local\Temp\2\jna--1083394829

VM Arguments:
jvm_args: --add-modules=ALL-SYSTEM --add-opens=java.base/java.util=ALL-UNNAMED --add-opens=java.base/java.lang=ALL-UNNAMED --add-opens=java.base/sun.nio.fs=ALL-UNNAMED -Declipse.application=org.eclipse.jdt.ls.core.id1 -Dosgi.bundles.defaultStartLevel=4 -Declipse.product=org.eclipse.jdt.ls.core.product -Djava.import.generatesMetadataFilesAtProjectRoot=false -DDetectVMInstallationsJob.disabled=true -Dfile.encoding=utf8 -XX:+UseParallelGC -XX:GCTimeRatio=4 -XX:AdaptiveSizePolicyWeight=90 -Dsun.zip.disableMemoryMapping=true -Xmx1G -Xms100m -Xlog:disable -javaagent:c:\Users\Administrator\.vscode\extensions\redhat.java-1.27.0-win32-x64\lombok\lombok-1.18.31.jar -XX:+HeapDumpOnOutOfMemoryError -XX:HeapDumpPath=c:\Users\Administrator\AppData\Roaming\Code\User\workspaceStorage\8fa3a211b202d741256f16397a8921df\redhat.java -Daether.dependencyCollector.impl=bf 
java_command: c:\Users\Administrator\.vscode\extensions\redhat.java-1.27.0-win32-x64\server\plugins\org.eclipse.equinox.launcher_1.6.700.v20231214-2017.jar -configuration c:\Users\Administrator\AppData\Roaming\Code\User\globalStorage\redhat.java\1.27.0\config_win -data c:\Users\Administrator\AppData\Roaming\Code\User\workspaceStorage\8fa3a211b202d741256f16397a8921df\redhat.java\jdt_ws --stdio
java_class_path (initial): c:\Users\Administrator\.vscode\extensions\redhat.java-1.27.0-win32-x64\server\plugins\org.eclipse.equinox.launcher_1.6.700.v20231214-2017.jar
Launcher Type: SUN_STANDARD

[Global flags]
    uintx AdaptiveSizePolicyWeight                 = 90                                        {product} {command line}
     intx CICompilerCount                          = 2                                         {product} {ergonomic}
    uintx GCTimeRatio                              = 4                                         {product} {command line}
     bool HeapDumpOnOutOfMemoryError               = true                                   {manageable} {command line}
    ccstr HeapDumpPath                             = c:\Users\Administrator\AppData\Roaming\Code\User\workspaceStorage\8fa3a211b202d741256f16397a8921df\redhat.java         {manageable} {command line}
   size_t InitialHeapSize                          = 104857600                                 {product} {command line}
   size_t MaxHeapSize                              = 1073741824                                {product} {command line}
   size_t MaxNewSize                               = 357564416                                 {product} {ergonomic}
   size_t MinHeapDeltaBytes                        = 524288                                    {product} {ergonomic}
   size_t MinHeapSize                              = 104857600                                 {product} {command line}
   size_t NewSize                                  = 34603008                                  {product} {ergonomic}
    uintx NonNMethodCodeHeapSize                   = 5826188                                {pd product} {ergonomic}
    uintx NonProfiledCodeHeapSize                  = 122916026                              {pd product} {ergonomic}
   size_t OldSize                                  = 70254592                                  {product} {ergonomic}
    uintx ProfiledCodeHeapSize                     = 122916026                              {pd product} {ergonomic}
    uintx ReservedCodeCacheSize                    = 251658240                              {pd product} {ergonomic}
     bool SegmentedCodeCache                       = true                                      {product} {ergonomic}
   size_t SoftMaxHeapSize                          = 1073741824                             {manageable} {ergonomic}
     bool UseCompressedClassPointers               = true                           {product lp64_product} {ergonomic}
     bool UseCompressedOops                        = true                           {product lp64_product} {ergonomic}
     bool UseLargePagesIndividualAllocation        = false                                  {pd product} {ergonomic}
     bool UseParallelGC                            = true                                      {product} {command line}

Logging:
Log output configuration:
 #0: stdout all=off uptime,level,tags
 #1: stderr all=off uptime,level,tags

Environment Variables:
JAVA_HOME=C:\Program Files\Semeru\jdk-11.0.20.101-openj9\
CLASSPATH=.;C:\Program Files\IBM\IBMDAT~1\java\db2jcc4.jar;C:\Program Files\IBM\IBMDAT~1\java\sqlj4.zip;C:\Program Files\IBM\IBMDAT~1\bin
PATH=C:\Program Files\Semeru\jdk-11.0.20.101-openj9\bin;C:\Program Files\Semeru\jdk-8.0.372.7-openj9\bin;C:\Program Files (x86)\IBM\Trace Facility\;C:\Program Files (x86)\IBM\Personal Communications\;C:\Windows\system32;C:\Windows;C:\Windows\System32\Wbem;C:\Windows\System32\WindowsPowerShell\v1.0\;C:\Program Files\Microsoft SQL Server\Client SDK\ODBC\170\Tools\Binn\;C:\Program Files (x86)\Microsoft SQL Server\150\Tools\Binn\;C:\Program Files\Microsoft SQL Server\150\Tools\Binn\;C:\Program Files\Microsoft SQL Server\150\DTS\Binn\;C:\Program Files (x86)\Microsoft SQL Server\160\DTS\Binn\;C:\Program Files\Azure Data Studio\bin;C:\Program Files\PuTTY\;C:\Program Files\Microsoft VS Code\bin;C:\Program Files\Git\cmd;C:\Program Files\IBM\IBMDAT~1\BIN;C:\Users\Administrator\AppData\Local\Microsoft\WindowsApps;
USERNAME=WinAdmin
OS=Windows_NT
PROCESSOR_IDENTIFIER=Intel64 Family 6 Model 85 Stepping 6, GenuineIntel
TMP=C:\Users\ADMINI~1\AppData\Local\Temp\2
TEMP=C:\Users\ADMINI~1\AppData\Local\Temp\2



Periodic native trim disabled


---------------  S Y S T E M  ---------------

OS:
 Windows Server 2016 , 64 bit Build 14393 (10.0.14393.5786)
OS uptime: 57 days 16:48 hours
KVM virtualization detected

CPU: total 2 (initial active 2) (1 cores per cpu, 2 threads per core) family 6 model 85 stepping 6 microcode 0x1, cx8, cmov, fxsr, ht, mmx, 3dnowpref, sse, sse2, sse3, ssse3, sse4.1, sse4.2, popcnt, lzcnt, tsc, avx, avx2, aes, erms, clmul, bmi1, bmi2, adx, avx512f, avx512dq, avx512cd, avx512bw, avx512vl, fma, vzeroupper, avx512_vnni, clflush, clflushopt, clwb, hv
Processor Information for all 2 processors :
  Max Mhz: 2394, Current Mhz: 2394, Mhz Limit: 2394

Memory: 4k page, system-wide physical 8191M (150M free)
TotalPageFile size 20991M (AvailPageFile size 5M)
current process WorkingSet (physical memory assigned to process): 236M, peak: 237M
current process commit charge ("private bytes"): 285M, peak: 289M

vm_info: OpenJDK 64-Bit Server VM (17.0.10+7) for windows-amd64 JRE (17.0.10+7), built on Jan 16 2024 23:25:11 by "admin" with MS VC++ 16.10 / 16.11 (VS2019)

END.
